{
"contracts\\GoldOracle.sol":{"l":{"10":1,"14":0,"15":0,"19":2},"path":"D:\\Projects\\Sagitta\\SAGProtocol\\contracts\\GoldOracle.sol","s":{"1":0,"2":2},"b":{},"f":{"1":1,"2":0,"3":2},"fnMap":{"1":{"name":"constructor","line":9,"loc":{"start":{"line":9,"column":4},"end":{"line":11,"column":4}}},"2":{"name":"setGoldPrice","line":13,"loc":{"start":{"line":13,"column":4},"end":{"line":16,"column":4}}},"3":{"name":"getGoldPrice","line":18,"loc":{"start":{"line":18,"column":4},"end":{"line":20,"column":4}}}},"statementMap":{"1":{"start":{"line":15,"column":8},"end":{"line":15,"column":32}},"2":{"start":{"line":19,"column":8},"end":{"line":19,"column":24}}},"branchMap":{}},
"contracts\\interfaces\\IERC20.sol":{"l":{},"path":"D:\\Projects\\Sagitta\\SAGProtocol\\contracts\\interfaces\\IERC20.sol","s":{},"b":{},"f":{},"fnMap":{},"statementMap":{},"branchMap":{}},
"contracts\\interfaces\\IPriceOracle.sol":{"l":{},"path":"D:\\Projects\\Sagitta\\SAGProtocol\\contracts\\interfaces\\IPriceOracle.sol","s":{},"b":{},"f":{},"fnMap":{},"statementMap":{},"branchMap":{}},
"contracts\\interfaces\\ITreasury.sol":{"l":{},"path":"D:\\Projects\\Sagitta\\SAGProtocol\\contracts\\interfaces\\ITreasury.sol","s":{},"b":{},"f":{},"fnMap":{},"statementMap":{},"branchMap":{}},
"contracts\\InvestmentEscrow.sol":{"l":{"85":0,"92":1,"97":1,"98":1,"99":1,"102":1,"103":1,"104":1,"114":1,"115":1,"120":1,"121":1,"125":1,"130":7,"131":7,"135":18,"136":18,"141":1,"142":1,"143":1,"144":1,"145":1,"146":1,"152":6,"153":0,"164":0,"165":0,"168":6,"169":6,"170":6,"171":6,"172":6,"173":6,"180":6,"181":6,"182":6,"192":6,"193":6,"198":0,"199":0,"200":0,"206":1,"209":1,"210":0,"211":0,"215":1,"216":1,"218":1,"219":1,"220":1,"223":1,"224":1,"234":1,"235":1,"236":1,"241":6,"242":6,"243":6,"244":6,"246":6,"247":6,"248":6,"249":6,"250":6,"251":6,"257":2,"258":2,"260":2,"261":2,"262":2,"264":2,"266":2,"267":2,"269":2,"270":2,"272":2,"275":2,"278":2,"281":2,"283":2,"289":2,"290":2,"293":2,"298":2,"299":2,"303":2,"304":2,"305":2,"308":2,"309":2,"310":0,"312":2,"315":2,"317":2,"318":2,"321":2,"324":2,"332":1,"333":1,"334":1,"335":1,"336":1,"338":1,"339":1,"341":1,"342":1,"344":1,"347":1,"357":1,"358":1,"359":1,"363":1,"364":1,"368":0,"369":0,"370":0,"373":0,"378":0,"382":1,"383":1,"384":1,"389":1,"390":1,"391":1,"392":1,"394":1,"395":1,"397":1,"398":1,"401":1,"403":1,"405":1,"406":1,"408":0,"409":0,"410":0,"411":0,"412":0,"413":0,"415":0,"418":1,"420":1,"421":1,"422":1,"423":0,"424":0,"425":0,"426":0,"427":0,"428":0,"430":0,"433":0,"434":0,"435":0,"436":0,"437":0,"438":0,"440":0,"444":1,"445":1,"446":1,"452":0,"453":0,"454":0,"455":0,"457":0,"458":0,"460":0,"461":0,"463":0,"465":0,"466":0,"467":0,"468":0,"469":0,"470":0,"471":0,"472":0,"473":0,"475":0,"477":0,"478":0,"479":0,"480":0,"481":0,"482":0,"483":0,"484":0,"485":0,"486":0,"488":0,"491":0,"492":0,"493":0,"494":0,"495":0,"496":0,"498":0,"502":0,"503":0,"504":0,"510":1,"511":1,"512":1,"513":1,"515":1,"516":1,"517":1,"518":1,"520":1,"522":1,"523":1,"524":1,"526":0,"527":0,"528":0,"529":0,"530":0,"531":0,"532":0,"534":0,"536":1,"537":1,"538":1,"539":0,"540":0,"541":0,"542":0,"543":0,"544":0,"545":0,"547":0,"551":1,"552":1,"553":1,"554":1,"560":0,"561":0,"562":0,"563":0,"564":0,"567":0,"573":1,"574":1,"575":1,"576":1,"578":1,"584":1,"585":1,"586":1,"587":1,"593":1,"594":1,"595":1,"596":1,"598":1,"599":1,"601":1,"602":1,"605":1,"606":0,"610":1,"611":1,"613":1,"614":1,"620":1,"621":1,"622":1,"623":1,"625":1,"626":1,"628":1,"629":1,"631":1,"633":1,"634":1,"635":1,"636":0,"638":1,"639":1,"640":1,"641":1,"643":0,"647":1,"648":1,"649":1,"654":1},"path":"D:\\Projects\\Sagitta\\SAGProtocol\\contracts\\InvestmentEscrow.sol","s":{"1":1,"2":1,"3":1,"4":7,"5":18,"6":1,"7":1,"8":1,"9":6,"10":0,"11":6,"12":6,"13":6,"14":6,"15":6,"16":6,"17":0,"18":0,"19":1,"20":1,"21":0,"22":1,"23":1,"24":1,"25":1,"26":1,"27":6,"28":6,"29":6,"30":6,"31":6,"32":6,"33":6,"34":2,"35":2,"36":2,"37":2,"38":2,"39":2,"40":2,"41":2,"42":2,"43":2,"44":2,"45":2,"46":2,"47":2,"48":2,"49":2,"50":2,"51":2,"52":2,"53":2,"54":2,"55":2,"56":2,"57":2,"58":2,"59":2,"60":1,"61":1,"62":1,"63":1,"64":1,"65":1,"66":1,"67":1,"68":1,"69":1,"70":1,"71":1,"72":1,"73":1,"74":1,"75":0,"76":0,"77":1,"78":1,"79":1,"80":1,"81":1,"82":1,"83":1,"84":1,"85":1,"86":1,"87":1,"88":1,"89":1,"90":0,"91":0,"92":0,"93":0,"94":0,"95":1,"96":1,"97":1,"98":1,"99":0,"100":0,"101":0,"102":0,"103":0,"104":0,"105":0,"106":0,"107":0,"108":0,"109":1,"110":0,"111":0,"112":0,"113":0,"114":0,"115":0,"116":0,"117":0,"118":0,"119":0,"120":0,"121":0,"122":0,"123":0,"124":0,"125":0,"126":0,"127":0,"128":0,"129":0,"130":0,"131":0,"132":0,"133":0,"134":0,"135":0,"136":0,"137":0,"138":0,"139":0,"140":0,"141":0,"142":1,"143":1,"144":1,"145":1,"146":1,"147":1,"148":1,"149":1,"150":1,"151":1,"152":1,"153":1,"154":0,"155":0,"156":0,"157":0,"158":0,"159":0,"160":1,"161":1,"162":1,"163":0,"164":0,"165":0,"166":0,"167":0,"168":0,"169":1,"170":1,"171":0,"172":0,"173":0,"174":0,"175":0,"176":0,"177":0,"178":1,"179":1,"180":1,"181":1,"182":1,"183":1,"184":1,"185":1,"186":1,"187":1,"188":1,"189":1,"190":1,"191":1,"192":1,"193":1,"194":0,"195":1,"196":1,"197":1,"198":1,"199":1,"200":1,"201":1,"202":1,"203":1,"204":1,"205":1,"206":1,"207":1,"208":1,"209":0,"210":1,"211":1,"212":1,"213":1,"214":0,"215":1,"216":1},"b":{"1":[0,0],"2":[1,0],"3":[1,0],"4":[1,0],"5":[1,0],"6":[1,0],"7":[7,0],"8":[7,0],"9":[18,0],"10":[14,4],"11":[1,0],"12":[1,0],"13":[6,0],"14":[0,6],"15":[0,0],"16":[6,0],"17":[6,0],"18":[0,0],"19":[0,0],"20":[0,0],"21":[1,0],"22":[0,1],"23":[6,0],"24":[6,0],"25":[6,0],"26":[6,0],"27":[2,0],"28":[0,2],"29":[2,0],"30":[2,0],"31":[2,0],"32":[2,0],"33":[0,2],"34":[2,0],"35":[2,0],"36":[2,0],"37":[2,0],"38":[1,0],"39":[1,0],"40":[1,0],"41":[1,0],"42":[1,0],"43":[0,1],"44":[0,1],"45":[0,1],"46":[0,0],"47":[1,0],"48":[1,0],"49":[1,0],"50":[1,0],"51":[1,0],"52":[1,0],"53":[0,1],"54":[0,0],"55":[1,0],"56":[1,0],"57":[0,1],"58":[0,0],"59":[0,0],"60":[0,0],"61":[0,0],"62":[0,0],"63":[0,0],"64":[0,0],"65":[0,0],"66":[0,0],"67":[0,0],"68":[0,0],"69":[0,0],"70":[0,0],"71":[0,0],"72":[1,0],"73":[1,0],"74":[1,0],"75":[1,0],"76":[1,0],"77":[1,0],"78":[0,1],"79":[0,0],"80":[1,0],"81":[0,1],"82":[0,0],"83":[0,0],"84":[0,0],"85":[0,0],"86":[1,0],"87":[1,0],"88":[1,0],"89":[1,0],"90":[1,0],"91":[1,0],"92":[1,0],"93":[1,0],"94":[1,0],"95":[1,0],"96":[0,1],"97":[1,0],"98":[1,0],"99":[1,0],"100":[1,0],"101":[1,0],"102":[0,1],"103":[1,0],"104":[1,0],"105":[1,0]},"f":{"1":0,"2":1,"3":1,"4":1,"5":1,"6":7,"7":18,"8":1,"9":6,"10":6,"11":0,"12":1,"13":6,"14":2,"15":2,"16":1,"17":1,"18":0,"19":1,"20":0,"21":1,"22":1,"23":1,"24":1,"25":1},"fnMap":{"1":{"name":"setAllowMarkInvestedWithoutBurn","line":84,"loc":{"start":{"line":84,"column":4},"end":{"line":86,"column":4}}},"2":{"name":"setAllowPublicMarkInvested","line":91,"loc":{"start":{"line":91,"column":4},"end":{"line":93,"column":4}}},"3":{"name":"constructor","line":96,"loc":{"start":{"line":96,"column":4},"end":{"line":116,"column":4}}},"4":{"name":"setVault","line":119,"loc":{"start":{"line":119,"column":4},"end":{"line":122,"column":4}}},"5":{"name":"setKeeper","line":124,"loc":{"start":{"line":124,"column":4},"end":{"line":126,"column":4}}},"6":{"name":"onlyVaultOrTreasury","line":129,"loc":{"start":{"line":129,"column":4},"end":{"line":132,"column":4}}},"7":{"name":"onlyKeeperOrOwner","line":134,"loc":{"start":{"line":134,"column":4},"end":{"line":137,"column":4}}},"8":{"name":"registerDeposit","line":140,"loc":{"start":{"line":140,"column":4},"end":{"line":147,"column":4}}},"9":{"name":"registerDepositTo","line":150,"loc":{"start":{"line":150,"column":4},"end":{"line":174,"column":4}}},"10":{"name":"createPendingBatch","line":177,"loc":{"start":{"line":177,"column":4},"end":{"line":194,"column":4}}},"11":{"name":"setCurrentPendingBatch","line":197,"loc":{"start":{"line":197,"column":4},"end":{"line":201,"column":4}}},"12":{"name":"rollToNewBatch","line":205,"loc":{"start":{"line":205,"column":4},"end":{"line":237,"column":4}}},"13":{"name":"rollBatch","line":240,"loc":{"start":{"line":240,"column":4},"end":{"line":252,"column":4}}},"14":{"name":"closeBatch","line":256,"loc":{"start":{"line":256,"column":4},"end":{"line":284,"column":4}}},"15":{"name":"depositReturnForBatch","line":288,"loc":{"start":{"line":288,"column":4},"end":{"line":325,"column":4}}},"16":{"name":"distributeBatch","line":331,"loc":{"start":{"line":331,"column":4},"end":{"line":385,"column":4}}},"17":{"name":"investBatch","line":388,"loc":{"start":{"line":388,"column":4},"end":{"line":447,"column":4}}},"18":{"name":"investBatchIfFunded","line":451,"loc":{"start":{"line":451,"column":4},"end":{"line":505,"column":4}}},"19":{"name":"adminBurnBatch","line":509,"loc":{"start":{"line":509,"column":4},"end":{"line":555,"column":4}}},"20":{"name":"distributeBatchBurn","line":558,"loc":{"start":{"line":558,"column":4},"end":{"line":568,"column":4}}},"21":{"name":"setBatchInvested","line":572,"loc":{"start":{"line":572,"column":4},"end":{"line":579,"column":4}}},"22":{"name":"forceSetBatchInvested","line":583,"loc":{"start":{"line":583,"column":4},"end":{"line":588,"column":4}}},"23":{"name":"markBatchInvestedWithoutTransfer","line":592,"loc":{"start":{"line":592,"column":4},"end":{"line":615,"column":4}}},"24":{"name":"publicBurnBatch","line":619,"loc":{"start":{"line":619,"column":4},"end":{"line":650,"column":4}}},"25":{"name":"getBatch","line":653,"loc":{"start":{"line":653,"column":4},"end":{"line":655,"column":4}}}},"statementMap":{"1":{"start":{"line":97,"column":8},"end":{"line":97,"column":78}},"2":{"start":{"line":114,"column":8},"end":{"line":114,"column":58}},"3":{"start":{"line":120,"column":8},"end":{"line":120,"column":50}},"4":{"start":{"line":130,"column":8},"end":{"line":130,"column":96}},"5":{"start":{"line":135,"column":8},"end":{"line":135,"column":85}},"6":{"start":{"line":141,"column":8},"end":{"line":141,"column":49}},"7":{"start":{"line":142,"column":8},"end":{"line":142,"column":68}},"8":{"start":{"line":146,"column":8},"end":{"line":146,"column":75}},"9":{"start":{"line":152,"column":8},"end":{"line":152,"column":6400}},"10":{"start":{"line":164,"column":12},"end":{"line":164,"column":6873}},"11":{"start":{"line":168,"column":8},"end":{"line":168,"column":42}},"12":{"start":{"line":169,"column":8},"end":{"line":169,"column":68}},"13":{"start":{"line":173,"column":8},"end":{"line":173,"column":68}},"14":{"start":{"line":180,"column":8},"end":{"line":180,"column":37}},"15":{"start":{"line":192,"column":8},"end":{"line":192,"column":46}},"16":{"start":{"line":193,"column":8},"end":{"line":193,"column":17}},"17":{"start":{"line":198,"column":8},"end":{"line":198,"column":65}},"18":{"start":{"line":199,"column":8},"end":{"line":199,"column":83}},"19":{"start":{"line":206,"column":8},"end":{"line":206,"column":51}},"20":{"start":{"line":209,"column":8},"end":{"line":209,"column":8880}},"21":{"start":{"line":211,"column":12},"end":{"line":211,"column":18}},"22":{"start":{"line":218,"column":8},"end":{"line":218,"column":50}},"23":{"start":{"line":219,"column":8},"end":{"line":219,"column":58}},"24":{"start":{"line":220,"column":8},"end":{"line":220,"column":51}},"25":{"start":{"line":223,"column":8},"end":{"line":223,"column":42}},"26":{"start":{"line":234,"column":8},"end":{"line":234,"column":49}},"27":{"start":{"line":241,"column":8},"end":{"line":241,"column":42}},"28":{"start":{"line":242,"column":8},"end":{"line":242,"column":50}},"29":{"start":{"line":243,"column":8},"end":{"line":243,"column":68}},"30":{"start":{"line":244,"column":8},"end":{"line":244,"column":55}},"31":{"start":{"line":248,"column":8},"end":{"line":248,"column":48}},"32":{"start":{"line":249,"column":8},"end":{"line":249,"column":51}},"33":{"start":{"line":250,"column":8},"end":{"line":250,"column":44}},"34":{"start":{"line":257,"column":8},"end":{"line":257,"column":42}},"35":{"start":{"line":258,"column":8},"end":{"line":258,"column":70}},"36":{"start":{"line":264,"column":8},"end":{"line":264,"column":51}},"37":{"start":{"line":266,"column":8},"end":{"line":266,"column":72}},"38":{"start":{"line":267,"column":8},"end":{"line":267,"column":91}},"39":{"start":{"line":269,"column":8},"end":{"line":269,"column":54}},"40":{"start":{"line":270,"column":8},"end":{"line":270,"column":50}},"41":{"start":{"line":272,"column":8},"end":{"line":272,"column":57}},"42":{"start":{"line":275,"column":8},"end":{"line":275,"column":93}},"43":{"start":{"line":278,"column":8},"end":{"line":278,"column":59}},"44":{"start":{"line":281,"column":8},"end":{"line":281,"column":97}},"45":{"start":{"line":283,"column":8},"end":{"line":283,"column":88}},"46":{"start":{"line":289,"column":8},"end":{"line":289,"column":65}},"47":{"start":{"line":290,"column":8},"end":{"line":290,"column":42}},"48":{"start":{"line":293,"column":8},"end":{"line":293,"column":12747}},"49":{"start":{"line":298,"column":8},"end":{"line":298,"column":13012}},"50":{"start":{"line":303,"column":8},"end":{"line":303,"column":51}},"51":{"start":{"line":304,"column":8},"end":{"line":304,"column":73}},"52":{"start":{"line":305,"column":8},"end":{"line":305,"column":59}},"53":{"start":{"line":308,"column":8},"end":{"line":308,"column":32}},"54":{"start":{"line":309,"column":8},"end":{"line":309,"column":13495}},"55":{"start":{"line":315,"column":8},"end":{"line":315,"column":13680}},"56":{"start":{"line":317,"column":12},"end":{"line":317,"column":129}},"57":{"start":{"line":318,"column":12},"end":{"line":318,"column":51}},"58":{"start":{"line":321,"column":8},"end":{"line":321,"column":58}},"59":{"start":{"line":324,"column":8},"end":{"line":324,"column":44}},"60":{"start":{"line":332,"column":8},"end":{"line":332,"column":65}},"61":{"start":{"line":333,"column":8},"end":{"line":333,"column":42}},"62":{"start":{"line":334,"column":8},"end":{"line":334,"column":66}},"63":{"start":{"line":335,"column":8},"end":{"line":335,"column":53}},"64":{"start":{"line":336,"column":8},"end":{"line":336,"column":66}},"65":{"start":{"line":338,"column":8},"end":{"line":338,"column":36}},"66":{"start":{"line":339,"column":8},"end":{"line":339,"column":44}},"67":{"start":{"line":341,"column":8},"end":{"line":341,"column":15040}},"68":{"start":{"line":342,"column":12},"end":{"line":342,"column":37}},"69":{"start":{"line":344,"column":12},"end":{"line":344,"column":56}},"70":{"start":{"line":347,"column":12},"end":{"line":347,"column":15355}},"71":{"start":{"line":357,"column":16},"end":{"line":357,"column":48}},"72":{"start":{"line":358,"column":16},"end":{"line":358,"column":77}},"73":{"start":{"line":359,"column":16},"end":{"line":359,"column":45}},"74":{"start":{"line":363,"column":16},"end":{"line":363,"column":16086}},"75":{"start":{"line":368,"column":20},"end":{"line":368,"column":120}},"76":{"start":{"line":369,"column":20},"end":{"line":369,"column":16576}},"77":{"start":{"line":384,"column":8},"end":{"line":384,"column":56}},"78":{"start":{"line":389,"column":8},"end":{"line":389,"column":65}},"79":{"start":{"line":390,"column":8},"end":{"line":390,"column":42}},"80":{"start":{"line":391,"column":8},"end":{"line":391,"column":68}},"81":{"start":{"line":392,"column":8},"end":{"line":392,"column":62}},"82":{"start":{"line":394,"column":8},"end":{"line":394,"column":51}},"83":{"start":{"line":395,"column":8},"end":{"line":395,"column":49}},"84":{"start":{"line":397,"column":8},"end":{"line":397,"column":57}},"85":{"start":{"line":398,"column":8},"end":{"line":398,"column":72}},"86":{"start":{"line":401,"column":8},"end":{"line":401,"column":82}},"87":{"start":{"line":403,"column":8},"end":{"line":403,"column":69}},"88":{"start":{"line":405,"column":8},"end":{"line":405,"column":137}},"89":{"start":{"line":406,"column":8},"end":{"line":406,"column":18218}},"90":{"start":{"line":408,"column":12},"end":{"line":408,"column":18348}},"91":{"start":{"line":411,"column":16},"end":{"line":411,"column":131}},"92":{"start":{"line":412,"column":16},"end":{"line":412,"column":57}},"93":{"start":{"line":413,"column":16},"end":{"line":413,"column":22}},"94":{"start":{"line":415,"column":12},"end":{"line":415,"column":48}},"95":{"start":{"line":418,"column":8},"end":{"line":418,"column":18844}},"96":{"start":{"line":420,"column":12},"end":{"line":420,"column":18936}},"97":{"start":{"line":421,"column":16},"end":{"line":421,"column":61}},"98":{"start":{"line":422,"column":16},"end":{"line":422,"column":19050}},"99":{"start":{"line":423,"column":20},"end":{"line":423,"column":19090}},"100":{"start":{"line":426,"column":24},"end":{"line":426,"column":140}},"101":{"start":{"line":427,"column":24},"end":{"line":427,"column":65}},"102":{"start":{"line":428,"column":24},"end":{"line":428,"column":30}},"103":{"start":{"line":430,"column":20},"end":{"line":430,"column":57}},"104":{"start":{"line":433,"column":16},"end":{"line":433,"column":19603}},"105":{"start":{"line":436,"column":20},"end":{"line":436,"column":135}},"106":{"start":{"line":437,"column":20},"end":{"line":437,"column":61}},"107":{"start":{"line":438,"column":20},"end":{"line":438,"column":26}},"108":{"start":{"line":440,"column":16},"end":{"line":440,"column":63}},"109":{"start":{"line":446,"column":8},"end":{"line":446,"column":49}},"110":{"start":{"line":452,"column":8},"end":{"line":452,"column":65}},"111":{"start":{"line":453,"column":8},"end":{"line":453,"column":42}},"112":{"start":{"line":454,"column":8},"end":{"line":454,"column":68}},"113":{"start":{"line":455,"column":8},"end":{"line":455,"column":62}},"114":{"start":{"line":457,"column":8},"end":{"line":457,"column":51}},"115":{"start":{"line":458,"column":8},"end":{"line":458,"column":49}},"116":{"start":{"line":460,"column":8},"end":{"line":460,"column":57}},"117":{"start":{"line":461,"column":8},"end":{"line":461,"column":72}},"118":{"start":{"line":463,"column":8},"end":{"line":463,"column":82}},"119":{"start":{"line":465,"column":8},"end":{"line":465,"column":69}},"120":{"start":{"line":466,"column":8},"end":{"line":466,"column":137}},"121":{"start":{"line":467,"column":8},"end":{"line":467,"column":21311}},"122":{"start":{"line":468,"column":12},"end":{"line":468,"column":21338}},"123":{"start":{"line":471,"column":16},"end":{"line":471,"column":131}},"124":{"start":{"line":472,"column":16},"end":{"line":472,"column":57}},"125":{"start":{"line":473,"column":16},"end":{"line":473,"column":22}},"126":{"start":{"line":475,"column":12},"end":{"line":475,"column":48}},"127":{"start":{"line":477,"column":8},"end":{"line":477,"column":21756}},"128":{"start":{"line":478,"column":12},"end":{"line":478,"column":21801}},"129":{"start":{"line":479,"column":16},"end":{"line":479,"column":61}},"130":{"start":{"line":480,"column":16},"end":{"line":480,"column":21915}},"131":{"start":{"line":481,"column":20},"end":{"line":481,"column":21955}},"132":{"start":{"line":484,"column":24},"end":{"line":484,"column":140}},"133":{"start":{"line":485,"column":24},"end":{"line":485,"column":65}},"134":{"start":{"line":486,"column":24},"end":{"line":486,"column":30}},"135":{"start":{"line":488,"column":20},"end":{"line":488,"column":57}},"136":{"start":{"line":491,"column":16},"end":{"line":491,"column":22468}},"137":{"start":{"line":494,"column":20},"end":{"line":494,"column":135}},"138":{"start":{"line":495,"column":20},"end":{"line":495,"column":61}},"139":{"start":{"line":496,"column":20},"end":{"line":496,"column":26}},"140":{"start":{"line":498,"column":16},"end":{"line":498,"column":63}},"141":{"start":{"line":504,"column":8},"end":{"line":504,"column":49}},"142":{"start":{"line":510,"column":8},"end":{"line":510,"column":65}},"143":{"start":{"line":511,"column":8},"end":{"line":511,"column":42}},"144":{"start":{"line":512,"column":8},"end":{"line":512,"column":68}},"145":{"start":{"line":513,"column":8},"end":{"line":513,"column":62}},"146":{"start":{"line":515,"column":8},"end":{"line":515,"column":51}},"147":{"start":{"line":516,"column":8},"end":{"line":516,"column":49}},"148":{"start":{"line":517,"column":8},"end":{"line":517,"column":57}},"149":{"start":{"line":518,"column":8},"end":{"line":518,"column":70}},"150":{"start":{"line":520,"column":8},"end":{"line":520,"column":82}},"151":{"start":{"line":522,"column":8},"end":{"line":522,"column":69}},"152":{"start":{"line":523,"column":8},"end":{"line":523,"column":137}},"153":{"start":{"line":524,"column":8},"end":{"line":524,"column":24095}},"154":{"start":{"line":526,"column":12},"end":{"line":526,"column":24225}},"155":{"start":{"line":529,"column":16},"end":{"line":529,"column":131}},"156":{"start":{"line":530,"column":16},"end":{"line":530,"column":72}},"157":{"start":{"line":531,"column":16},"end":{"line":531,"column":57}},"158":{"start":{"line":532,"column":16},"end":{"line":532,"column":22}},"159":{"start":{"line":534,"column":12},"end":{"line":534,"column":56}},"160":{"start":{"line":536,"column":8},"end":{"line":536,"column":24725}},"161":{"start":{"line":537,"column":12},"end":{"line":537,"column":57}},"162":{"start":{"line":538,"column":12},"end":{"line":538,"column":24829}},"163":{"start":{"line":539,"column":16},"end":{"line":539,"column":24865}},"164":{"start":{"line":542,"column":20},"end":{"line":542,"column":136}},"165":{"start":{"line":543,"column":20},"end":{"line":543,"column":76}},"166":{"start":{"line":544,"column":20},"end":{"line":544,"column":61}},"167":{"start":{"line":545,"column":20},"end":{"line":545,"column":26}},"168":{"start":{"line":547,"column":16},"end":{"line":547,"column":61}},"169":{"start":{"line":553,"column":8},"end":{"line":553,"column":64}},"170":{"start":{"line":554,"column":8},"end":{"line":554,"column":49}},"171":{"start":{"line":560,"column":8},"end":{"line":560,"column":69}},"172":{"start":{"line":560,"column":44},"end":{"line":560,"column":68}},"173":{"start":{"line":561,"column":8},"end":{"line":561,"column":42}},"174":{"start":{"line":562,"column":8},"end":{"line":562,"column":25972}},"175":{"start":{"line":563,"column":12},"end":{"line":563,"column":31}},"176":{"start":{"line":564,"column":12},"end":{"line":564,"column":18}},"177":{"start":{"line":567,"column":8},"end":{"line":567,"column":55}},"178":{"start":{"line":573,"column":8},"end":{"line":573,"column":65}},"179":{"start":{"line":574,"column":8},"end":{"line":574,"column":42}},"180":{"start":{"line":575,"column":8},"end":{"line":575,"column":68}},"181":{"start":{"line":578,"column":8},"end":{"line":578,"column":41}},"182":{"start":{"line":584,"column":8},"end":{"line":584,"column":65}},"183":{"start":{"line":585,"column":8},"end":{"line":585,"column":42}},"184":{"start":{"line":587,"column":8},"end":{"line":587,"column":41}},"185":{"start":{"line":593,"column":8},"end":{"line":593,"column":65}},"186":{"start":{"line":594,"column":8},"end":{"line":594,"column":42}},"187":{"start":{"line":595,"column":8},"end":{"line":595,"column":68}},"188":{"start":{"line":596,"column":8},"end":{"line":596,"column":62}},"189":{"start":{"line":598,"column":8},"end":{"line":598,"column":51}},"190":{"start":{"line":599,"column":8},"end":{"line":599,"column":49}},"191":{"start":{"line":601,"column":8},"end":{"line":601,"column":57}},"192":{"start":{"line":602,"column":8},"end":{"line":602,"column":72}},"193":{"start":{"line":605,"column":8},"end":{"line":605,"column":28185}},"194":{"start":{"line":606,"column":12},"end":{"line":606,"column":69}},"195":{"start":{"line":613,"column":8},"end":{"line":613,"column":106}},"196":{"start":{"line":614,"column":8},"end":{"line":614,"column":49}},"197":{"start":{"line":620,"column":8},"end":{"line":620,"column":65}},"198":{"start":{"line":621,"column":8},"end":{"line":621,"column":42}},"199":{"start":{"line":622,"column":8},"end":{"line":622,"column":68}},"200":{"start":{"line":623,"column":8},"end":{"line":623,"column":62}},"201":{"start":{"line":625,"column":8},"end":{"line":625,"column":51}},"202":{"start":{"line":626,"column":8},"end":{"line":626,"column":49}},"203":{"start":{"line":628,"column":8},"end":{"line":628,"column":57}},"204":{"start":{"line":629,"column":8},"end":{"line":629,"column":70}},"205":{"start":{"line":631,"column":8},"end":{"line":631,"column":82}},"206":{"start":{"line":633,"column":8},"end":{"line":633,"column":69}},"207":{"start":{"line":634,"column":8},"end":{"line":634,"column":137}},"208":{"start":{"line":635,"column":8},"end":{"line":635,"column":29694}},"209":{"start":{"line":636,"column":12},"end":{"line":636,"column":65}},"210":{"start":{"line":638,"column":8},"end":{"line":638,"column":29791}},"211":{"start":{"line":639,"column":12},"end":{"line":639,"column":29836}},"212":{"start":{"line":640,"column":16},"end":{"line":640,"column":61}},"213":{"start":{"line":641,"column":16},"end":{"line":641,"column":80}},"214":{"start":{"line":643,"column":16},"end":{"line":643,"column":80}},"215":{"start":{"line":649,"column":8},"end":{"line":649,"column":49}},"216":{"start":{"line":654,"column":8},"end":{"line":654,"column":31}}},"branchMap":{"1":{"line":84,"type":"if","locations":[{"start":{"line":84,"column":62},"end":{"line":84,"column":62}},{"start":{"line":84,"column":62},"end":{"line":84,"column":62}}]},"2":{"line":91,"type":"if","locations":[{"start":{"line":91,"column":57},"end":{"line":91,"column":57}},{"start":{"line":91,"column":57},"end":{"line":91,"column":57}}]},"3":{"line":97,"type":"if","locations":[{"start":{"line":97,"column":8},"end":{"line":97,"column":8}},{"start":{"line":97,"column":8},"end":{"line":97,"column":8}}]},"4":{"line":119,"type":"if","locations":[{"start":{"line":119,"column":47},"end":{"line":119,"column":47}},{"start":{"line":119,"column":47},"end":{"line":119,"column":47}}]},"5":{"line":120,"type":"if","locations":[{"start":{"line":120,"column":8},"end":{"line":120,"column":8}},{"start":{"line":120,"column":8},"end":{"line":120,"column":8}}]},"6":{"line":124,"type":"if","locations":[{"start":{"line":124,"column":49},"end":{"line":124,"column":49}},{"start":{"line":124,"column":49},"end":{"line":124,"column":49}}]},"7":{"line":130,"type":"if","locations":[{"start":{"line":130,"column":8},"end":{"line":130,"column":8}},{"start":{"line":130,"column":8},"end":{"line":130,"column":8}}]},"8":{"line":130,"type":"cond-expr","locations":[{"start":{"line":130,"column":16},"end":{"line":130,"column":34}},{"start":{"line":130,"column":39},"end":{"line":130,"column":69}}]},"9":{"line":135,"type":"if","locations":[{"start":{"line":135,"column":8},"end":{"line":135,"column":8}},{"start":{"line":135,"column":8},"end":{"line":135,"column":8}}]},"10":{"line":135,"type":"cond-expr","locations":[{"start":{"line":135,"column":16},"end":{"line":135,"column":36}},{"start":{"line":135,"column":41},"end":{"line":135,"column":60}}]},"11":{"line":140,"type":"if","locations":[{"start":{"line":140,"column":91},"end":{"line":140,"column":91}},{"start":{"line":140,"column":91},"end":{"line":140,"column":91}}]},"12":{"line":142,"type":"if","locations":[{"start":{"line":142,"column":8},"end":{"line":142,"column":8}},{"start":{"line":142,"column":8},"end":{"line":142,"column":8}}]},"13":{"line":150,"type":"if","locations":[{"start":{"line":150,"column":110},"end":{"line":150,"column":110}},{"start":{"line":150,"column":110},"end":{"line":150,"column":110}}]},"14":{"line":152,"type":"if","locations":[{"start":{"line":152,"column":8},"end":{"line":152,"column":8}},{"start":{"line":152,"column":8},"end":{"line":152,"column":8}}]},"15":{"line":164,"type":"if","locations":[{"start":{"line":164,"column":12},"end":{"line":164,"column":12}},{"start":{"line":164,"column":12},"end":{"line":164,"column":12}}]},"16":{"line":169,"type":"if","locations":[{"start":{"line":169,"column":8},"end":{"line":169,"column":8}},{"start":{"line":169,"column":8},"end":{"line":169,"column":8}}]},"17":{"line":177,"type":"if","locations":[{"start":{"line":177,"column":43},"end":{"line":177,"column":43}},{"start":{"line":177,"column":43},"end":{"line":177,"column":43}}]},"18":{"line":197,"type":"if","locations":[{"start":{"line":197,"column":62},"end":{"line":197,"column":62}},{"start":{"line":197,"column":62},"end":{"line":197,"column":62}}]},"19":{"line":198,"type":"if","locations":[{"start":{"line":198,"column":8},"end":{"line":198,"column":8}},{"start":{"line":198,"column":8},"end":{"line":198,"column":8}}]},"20":{"line":199,"type":"if","locations":[{"start":{"line":199,"column":8},"end":{"line":199,"column":8}},{"start":{"line":199,"column":8},"end":{"line":199,"column":8}}]},"21":{"line":205,"type":"if","locations":[{"start":{"line":205,"column":37},"end":{"line":205,"column":37}},{"start":{"line":205,"column":37},"end":{"line":205,"column":37}}]},"22":{"line":209,"type":"if","locations":[{"start":{"line":209,"column":8},"end":{"line":209,"column":8}},{"start":{"line":209,"column":8},"end":{"line":209,"column":8}}]},"23":{"line":240,"type":"if","locations":[{"start":{"line":240,"column":49},"end":{"line":240,"column":49}},{"start":{"line":240,"column":49},"end":{"line":240,"column":49}}]},"24":{"line":242,"type":"if","locations":[{"start":{"line":242,"column":8},"end":{"line":242,"column":8}},{"start":{"line":242,"column":8},"end":{"line":242,"column":8}}]},"25":{"line":243,"type":"if","locations":[{"start":{"line":243,"column":8},"end":{"line":243,"column":8}},{"start":{"line":243,"column":8},"end":{"line":243,"column":8}}]},"26":{"line":244,"type":"if","locations":[{"start":{"line":244,"column":8},"end":{"line":244,"column":8}},{"start":{"line":244,"column":8},"end":{"line":244,"column":8}}]},"27":{"line":258,"type":"if","locations":[{"start":{"line":258,"column":8},"end":{"line":258,"column":8}},{"start":{"line":258,"column":8},"end":{"line":258,"column":8}}]},"28":{"line":267,"type":"if","locations":[{"start":{"line":267,"column":59},"end":{"line":267,"column":86}},{"start":{"line":267,"column":90},"end":{"line":267,"column":90}}]},"29":{"line":275,"type":"if","locations":[{"start":{"line":275,"column":8},"end":{"line":275,"column":8}},{"start":{"line":275,"column":8},"end":{"line":275,"column":8}}]},"30":{"line":288,"type":"if","locations":[{"start":{"line":288,"column":87},"end":{"line":288,"column":87}},{"start":{"line":288,"column":87},"end":{"line":288,"column":87}}]},"31":{"line":289,"type":"if","locations":[{"start":{"line":289,"column":8},"end":{"line":289,"column":8}},{"start":{"line":289,"column":8},"end":{"line":289,"column":8}}]},"32":{"line":293,"type":"if","locations":[{"start":{"line":293,"column":8},"end":{"line":293,"column":8}},{"start":{"line":293,"column":8},"end":{"line":293,"column":8}}]},"33":{"line":294,"type":"cond-expr","locations":[{"start":{"line":294,"column":12},"end":{"line":294,"column":43}},{"start":{"line":294,"column":48},"end":{"line":294,"column":78}}]},"34":{"line":298,"type":"if","locations":[{"start":{"line":298,"column":8},"end":{"line":298,"column":8}},{"start":{"line":298,"column":8},"end":{"line":298,"column":8}}]},"35":{"line":305,"type":"if","locations":[{"start":{"line":305,"column":8},"end":{"line":305,"column":8}},{"start":{"line":305,"column":8},"end":{"line":305,"column":8}}]},"36":{"line":315,"type":"if","locations":[{"start":{"line":315,"column":8},"end":{"line":315,"column":8}},{"start":{"line":315,"column":8},"end":{"line":315,"column":8}}]},"37":{"line":318,"type":"if","locations":[{"start":{"line":318,"column":12},"end":{"line":318,"column":12}},{"start":{"line":318,"column":12},"end":{"line":318,"column":12}}]},"38":{"line":331,"type":"if","locations":[{"start":{"line":331,"column":84},"end":{"line":331,"column":84}},{"start":{"line":331,"column":84},"end":{"line":331,"column":84}}]},"39":{"line":332,"type":"if","locations":[{"start":{"line":332,"column":8},"end":{"line":332,"column":8}},{"start":{"line":332,"column":8},"end":{"line":332,"column":8}}]},"40":{"line":334,"type":"if","locations":[{"start":{"line":334,"column":8},"end":{"line":334,"column":8}},{"start":{"line":334,"column":8},"end":{"line":334,"column":8}}]},"41":{"line":335,"type":"if","locations":[{"start":{"line":335,"column":8},"end":{"line":335,"column":8}},{"start":{"line":335,"column":8},"end":{"line":335,"column":8}}]},"42":{"line":336,"type":"if","locations":[{"start":{"line":336,"column":8},"end":{"line":336,"column":8}},{"start":{"line":336,"column":8},"end":{"line":336,"column":8}}]},"43":{"line":344,"type":"if","locations":[{"start":{"line":344,"column":12},"end":{"line":344,"column":12}},{"start":{"line":344,"column":12},"end":{"line":344,"column":12}}]},"44":{"line":357,"type":"if","locations":[{"start":{"line":357,"column":16},"end":{"line":357,"column":16}},{"start":{"line":357,"column":16},"end":{"line":357,"column":16}}]},"45":{"line":359,"type":"if","locations":[{"start":{"line":359,"column":16},"end":{"line":359,"column":16}},{"start":{"line":359,"column":16},"end":{"line":359,"column":16}}]},"46":{"line":369,"type":"if","locations":[{"start":{"line":369,"column":20},"end":{"line":369,"column":20}},{"start":{"line":369,"column":20},"end":{"line":369,"column":20}}]},"47":{"line":388,"type":"if","locations":[{"start":{"line":388,"column":49},"end":{"line":388,"column":49}},{"start":{"line":388,"column":49},"end":{"line":388,"column":49}}]},"48":{"line":389,"type":"if","locations":[{"start":{"line":389,"column":8},"end":{"line":389,"column":8}},{"start":{"line":389,"column":8},"end":{"line":389,"column":8}}]},"49":{"line":391,"type":"if","locations":[{"start":{"line":391,"column":8},"end":{"line":391,"column":8}},{"start":{"line":391,"column":8},"end":{"line":391,"column":8}}]},"50":{"line":392,"type":"if","locations":[{"start":{"line":392,"column":8},"end":{"line":392,"column":8}},{"start":{"line":392,"column":8},"end":{"line":392,"column":8}}]},"51":{"line":395,"type":"if","locations":[{"start":{"line":395,"column":8},"end":{"line":395,"column":8}},{"start":{"line":395,"column":8},"end":{"line":395,"column":8}}]},"52":{"line":398,"type":"if","locations":[{"start":{"line":398,"column":8},"end":{"line":398,"column":8}},{"start":{"line":398,"column":8},"end":{"line":398,"column":8}}]},"53":{"line":406,"type":"if","locations":[{"start":{"line":406,"column":8},"end":{"line":406,"column":8}},{"start":{"line":406,"column":8},"end":{"line":406,"column":8}}]},"54":{"line":408,"type":"if","locations":[{"start":{"line":408,"column":12},"end":{"line":408,"column":12}},{"start":{"line":408,"column":12},"end":{"line":408,"column":12}}]},"55":{"line":418,"type":"if","locations":[{"start":{"line":418,"column":8},"end":{"line":418,"column":8}},{"start":{"line":418,"column":8},"end":{"line":418,"column":8}}]},"56":{"line":420,"type":"if","locations":[{"start":{"line":420,"column":12},"end":{"line":420,"column":12}},{"start":{"line":420,"column":12},"end":{"line":420,"column":12}}]},"57":{"line":422,"type":"if","locations":[{"start":{"line":422,"column":16},"end":{"line":422,"column":16}},{"start":{"line":422,"column":16},"end":{"line":422,"column":16}}]},"58":{"line":423,"type":"if","locations":[{"start":{"line":423,"column":20},"end":{"line":423,"column":20}},{"start":{"line":423,"column":20},"end":{"line":423,"column":20}}]},"59":{"line":433,"type":"if","locations":[{"start":{"line":433,"column":16},"end":{"line":433,"column":16}},{"start":{"line":433,"column":16},"end":{"line":433,"column":16}}]},"60":{"line":452,"type":"if","locations":[{"start":{"line":452,"column":8},"end":{"line":452,"column":8}},{"start":{"line":452,"column":8},"end":{"line":452,"column":8}}]},"61":{"line":454,"type":"if","locations":[{"start":{"line":454,"column":8},"end":{"line":454,"column":8}},{"start":{"line":454,"column":8},"end":{"line":454,"column":8}}]},"62":{"line":455,"type":"if","locations":[{"start":{"line":455,"column":8},"end":{"line":455,"column":8}},{"start":{"line":455,"column":8},"end":{"line":455,"column":8}}]},"63":{"line":458,"type":"if","locations":[{"start":{"line":458,"column":8},"end":{"line":458,"column":8}},{"start":{"line":458,"column":8},"end":{"line":458,"column":8}}]},"64":{"line":461,"type":"if","locations":[{"start":{"line":461,"column":8},"end":{"line":461,"column":8}},{"start":{"line":461,"column":8},"end":{"line":461,"column":8}}]},"65":{"line":467,"type":"if","locations":[{"start":{"line":467,"column":8},"end":{"line":467,"column":8}},{"start":{"line":467,"column":8},"end":{"line":467,"column":8}}]},"66":{"line":468,"type":"if","locations":[{"start":{"line":468,"column":12},"end":{"line":468,"column":12}},{"start":{"line":468,"column":12},"end":{"line":468,"column":12}}]},"67":{"line":477,"type":"if","locations":[{"start":{"line":477,"column":8},"end":{"line":477,"column":8}},{"start":{"line":477,"column":8},"end":{"line":477,"column":8}}]},"68":{"line":478,"type":"if","locations":[{"start":{"line":478,"column":12},"end":{"line":478,"column":12}},{"start":{"line":478,"column":12},"end":{"line":478,"column":12}}]},"69":{"line":480,"type":"if","locations":[{"start":{"line":480,"column":16},"end":{"line":480,"column":16}},{"start":{"line":480,"column":16},"end":{"line":480,"column":16}}]},"70":{"line":481,"type":"if","locations":[{"start":{"line":481,"column":20},"end":{"line":481,"column":20}},{"start":{"line":481,"column":20},"end":{"line":481,"column":20}}]},"71":{"line":491,"type":"if","locations":[{"start":{"line":491,"column":16},"end":{"line":491,"column":16}},{"start":{"line":491,"column":16},"end":{"line":491,"column":16}}]},"72":{"line":509,"type":"if","locations":[{"start":{"line":509,"column":54},"end":{"line":509,"column":54}},{"start":{"line":509,"column":54},"end":{"line":509,"column":54}}]},"73":{"line":510,"type":"if","locations":[{"start":{"line":510,"column":8},"end":{"line":510,"column":8}},{"start":{"line":510,"column":8},"end":{"line":510,"column":8}}]},"74":{"line":512,"type":"if","locations":[{"start":{"line":512,"column":8},"end":{"line":512,"column":8}},{"start":{"line":512,"column":8},"end":{"line":512,"column":8}}]},"75":{"line":513,"type":"if","locations":[{"start":{"line":513,"column":8},"end":{"line":513,"column":8}},{"start":{"line":513,"column":8},"end":{"line":513,"column":8}}]},"76":{"line":516,"type":"if","locations":[{"start":{"line":516,"column":8},"end":{"line":516,"column":8}},{"start":{"line":516,"column":8},"end":{"line":516,"column":8}}]},"77":{"line":518,"type":"if","locations":[{"start":{"line":518,"column":8},"end":{"line":518,"column":8}},{"start":{"line":518,"column":8},"end":{"line":518,"column":8}}]},"78":{"line":524,"type":"if","locations":[{"start":{"line":524,"column":8},"end":{"line":524,"column":8}},{"start":{"line":524,"column":8},"end":{"line":524,"column":8}}]},"79":{"line":526,"type":"if","locations":[{"start":{"line":526,"column":12},"end":{"line":526,"column":12}},{"start":{"line":526,"column":12},"end":{"line":526,"column":12}}]},"80":{"line":536,"type":"if","locations":[{"start":{"line":536,"column":8},"end":{"line":536,"column":8}},{"start":{"line":536,"column":8},"end":{"line":536,"column":8}}]},"81":{"line":538,"type":"if","locations":[{"start":{"line":538,"column":12},"end":{"line":538,"column":12}},{"start":{"line":538,"column":12},"end":{"line":538,"column":12}}]},"82":{"line":539,"type":"if","locations":[{"start":{"line":539,"column":16},"end":{"line":539,"column":16}},{"start":{"line":539,"column":16},"end":{"line":539,"column":16}}]},"83":{"line":558,"type":"if","locations":[{"start":{"line":558,"column":59},"end":{"line":558,"column":59}},{"start":{"line":558,"column":59},"end":{"line":558,"column":59}}]},"84":{"line":560,"type":"if","locations":[{"start":{"line":560,"column":8},"end":{"line":560,"column":8}},{"start":{"line":560,"column":8},"end":{"line":560,"column":8}}]},"85":{"line":562,"type":"if","locations":[{"start":{"line":562,"column":8},"end":{"line":562,"column":8}},{"start":{"line":562,"column":8},"end":{"line":562,"column":8}}]},"86":{"line":572,"type":"if","locations":[{"start":{"line":572,"column":56},"end":{"line":572,"column":56}},{"start":{"line":572,"column":56},"end":{"line":572,"column":56}}]},"87":{"line":573,"type":"if","locations":[{"start":{"line":573,"column":8},"end":{"line":573,"column":8}},{"start":{"line":573,"column":8},"end":{"line":573,"column":8}}]},"88":{"line":575,"type":"if","locations":[{"start":{"line":575,"column":8},"end":{"line":575,"column":8}},{"start":{"line":575,"column":8},"end":{"line":575,"column":8}}]},"89":{"line":583,"type":"if","locations":[{"start":{"line":583,"column":61},"end":{"line":583,"column":61}},{"start":{"line":583,"column":61},"end":{"line":583,"column":61}}]},"90":{"line":584,"type":"if","locations":[{"start":{"line":584,"column":8},"end":{"line":584,"column":8}},{"start":{"line":584,"column":8},"end":{"line":584,"column":8}}]},"91":{"line":593,"type":"if","locations":[{"start":{"line":593,"column":8},"end":{"line":593,"column":8}},{"start":{"line":593,"column":8},"end":{"line":593,"column":8}}]},"92":{"line":595,"type":"if","locations":[{"start":{"line":595,"column":8},"end":{"line":595,"column":8}},{"start":{"line":595,"column":8},"end":{"line":595,"column":8}}]},"93":{"line":596,"type":"if","locations":[{"start":{"line":596,"column":8},"end":{"line":596,"column":8}},{"start":{"line":596,"column":8},"end":{"line":596,"column":8}}]},"94":{"line":599,"type":"if","locations":[{"start":{"line":599,"column":8},"end":{"line":599,"column":8}},{"start":{"line":599,"column":8},"end":{"line":599,"column":8}}]},"95":{"line":602,"type":"if","locations":[{"start":{"line":602,"column":8},"end":{"line":602,"column":8}},{"start":{"line":602,"column":8},"end":{"line":602,"column":8}}]},"96":{"line":605,"type":"if","locations":[{"start":{"line":605,"column":8},"end":{"line":605,"column":8}},{"start":{"line":605,"column":8},"end":{"line":605,"column":8}}]},"97":{"line":620,"type":"if","locations":[{"start":{"line":620,"column":8},"end":{"line":620,"column":8}},{"start":{"line":620,"column":8},"end":{"line":620,"column":8}}]},"98":{"line":622,"type":"if","locations":[{"start":{"line":622,"column":8},"end":{"line":622,"column":8}},{"start":{"line":622,"column":8},"end":{"line":622,"column":8}}]},"99":{"line":623,"type":"if","locations":[{"start":{"line":623,"column":8},"end":{"line":623,"column":8}},{"start":{"line":623,"column":8},"end":{"line":623,"column":8}}]},"100":{"line":626,"type":"if","locations":[{"start":{"line":626,"column":8},"end":{"line":626,"column":8}},{"start":{"line":626,"column":8},"end":{"line":626,"column":8}}]},"101":{"line":629,"type":"if","locations":[{"start":{"line":629,"column":8},"end":{"line":629,"column":8}},{"start":{"line":629,"column":8},"end":{"line":629,"column":8}}]},"102":{"line":635,"type":"if","locations":[{"start":{"line":635,"column":8},"end":{"line":635,"column":8}},{"start":{"line":635,"column":8},"end":{"line":635,"column":8}}]},"103":{"line":638,"type":"if","locations":[{"start":{"line":638,"column":8},"end":{"line":638,"column":8}},{"start":{"line":638,"column":8},"end":{"line":638,"column":8}}]},"104":{"line":639,"type":"if","locations":[{"start":{"line":639,"column":12},"end":{"line":639,"column":12}},{"start":{"line":639,"column":12},"end":{"line":639,"column":12}}]},"105":{"line":641,"type":"if","locations":[{"start":{"line":641,"column":16},"end":{"line":641,"column":16}},{"start":{"line":641,"column":16},"end":{"line":641,"column":16}}]}}},
"contracts\\MockAmmPair.sol":{"l":{"23":1,"24":1,"25":1,"30":0,"34":0,"39":1,"40":1,"41":1,"42":1,"43":1,"44":1,"53":1,"64":2,"65":2,"68":2,"69":2,"70":2,"71":2,"75":2,"76":2,"78":2,"79":1,"80":1,"83":1,"86":1,"87":1,"91":0,"92":0,"94":0,"99":2,"102":2,"103":2,"104":2,"106":2,"109":2,"112":2,"113":2,"115":2,"120":0,"121":0},"path":"D:\\Projects\\Sagitta\\SAGProtocol\\contracts\\MockAmmPair.sol","s":{"1":1,"2":0,"3":0,"4":1,"5":1,"6":1,"7":1,"8":1,"9":2,"10":2,"11":2,"12":2,"13":2,"14":2,"15":2,"16":2,"17":2,"18":1,"19":1,"20":1,"21":0,"22":0,"23":2,"24":2,"25":2,"26":2,"27":2},"b":{"1":[1,0],"2":[1,0],"3":[2,0],"4":[2,0],"5":[2,0],"6":[2,0],"7":[2,0],"8":[2,0],"9":[1,0],"10":[1,0],"11":[0,0],"12":[2,0],"13":[2,0]},"f":{"1":1,"2":0,"3":0,"4":1,"5":1,"6":2,"7":0},"fnMap":{"1":{"name":"constructor","line":22,"loc":{"start":{"line":22,"column":4},"end":{"line":26,"column":4}}},"2":{"name":"token0","line":29,"loc":{"start":{"line":29,"column":4},"end":{"line":31,"column":4}}},"3":{"name":"token1","line":33,"loc":{"start":{"line":33,"column":4},"end":{"line":35,"column":4}}},"4":{"name":"addLiquidity","line":38,"loc":{"start":{"line":38,"column":4},"end":{"line":45,"column":4}}},"5":{"name":"getReserves","line":50,"loc":{"start":{"line":50,"column":4},"end":{"line":54,"column":4}}},"6":{"name":"swapExactTokensForTokens","line":58,"loc":{"start":{"line":58,"column":4},"end":{"line":116,"column":4}}},"7":{"name":"sync","line":119,"loc":{"start":{"line":119,"column":4},"end":{"line":122,"column":4}}}},"statementMap":{"1":{"start":{"line":23,"column":8},"end":{"line":23,"column":102}},"2":{"start":{"line":30,"column":8},"end":{"line":30,"column":21}},"3":{"start":{"line":34,"column":8},"end":{"line":34,"column":21}},"4":{"start":{"line":39,"column":8},"end":{"line":39,"column":58}},"5":{"start":{"line":40,"column":8},"end":{"line":40,"column":74}},"6":{"start":{"line":41,"column":8},"end":{"line":41,"column":74}},"7":{"start":{"line":44,"column":8},"end":{"line":44,"column":57}},"8":{"start":{"line":53,"column":8},"end":{"line":53,"column":86}},"9":{"start":{"line":64,"column":8},"end":{"line":64,"column":43}},"10":{"start":{"line":65,"column":8},"end":{"line":65,"column":118}},"11":{"start":{"line":68,"column":8},"end":{"line":68,"column":39}},"12":{"start":{"line":69,"column":8},"end":{"line":69,"column":54}},"13":{"start":{"line":70,"column":8},"end":{"line":70,"column":55}},"14":{"start":{"line":71,"column":8},"end":{"line":71,"column":73}},"15":{"start":{"line":75,"column":8},"end":{"line":75,"column":79}},"16":{"start":{"line":76,"column":8},"end":{"line":76,"column":27}},"17":{"start":{"line":78,"column":8},"end":{"line":78,"column":3337}},"18":{"start":{"line":79,"column":12},"end":{"line":79,"column":45}},"19":{"start":{"line":83,"column":12},"end":{"line":83,"column":77}},"20":{"start":{"line":86,"column":12},"end":{"line":86,"column":3908}},"21":{"start":{"line":91,"column":16},"end":{"line":91,"column":4218}},"22":{"start":{"line":94,"column":20},"end":{"line":94,"column":73}},"23":{"start":{"line":99,"column":8},"end":{"line":99,"column":43}},"24":{"start":{"line":103,"column":12},"end":{"line":103,"column":71}},"25":{"start":{"line":106,"column":8},"end":{"line":106,"column":44}},"26":{"start":{"line":109,"column":8},"end":{"line":109,"column":51}},"27":{"start":{"line":115,"column":8},"end":{"line":115,"column":69}}},"branchMap":{"1":{"line":23,"type":"if","locations":[{"start":{"line":23,"column":8},"end":{"line":23,"column":8}},{"start":{"line":23,"column":8},"end":{"line":23,"column":8}}]},"2":{"line":39,"type":"if","locations":[{"start":{"line":39,"column":8},"end":{"line":39,"column":8}},{"start":{"line":39,"column":8},"end":{"line":39,"column":8}}]},"3":{"line":64,"type":"if","locations":[{"start":{"line":64,"column":8},"end":{"line":64,"column":8}},{"start":{"line":64,"column":8},"end":{"line":64,"column":8}}]},"4":{"line":65,"type":"if","locations":[{"start":{"line":65,"column":8},"end":{"line":65,"column":8}},{"start":{"line":65,"column":8},"end":{"line":65,"column":8}}]},"5":{"line":65,"type":"cond-expr","locations":[{"start":{"line":65,"column":16},"end":{"line":65,"column":56}},{"start":{"line":65,"column":61},"end":{"line":65,"column":101}}]},"6":{"line":69,"type":"if","locations":[{"start":{"line":69,"column":35},"end":{"line":69,"column":42}},{"start":{"line":69,"column":46},"end":{"line":69,"column":53}}]},"7":{"line":70,"type":"if","locations":[{"start":{"line":70,"column":36},"end":{"line":70,"column":43}},{"start":{"line":70,"column":47},"end":{"line":70,"column":54}}]},"8":{"line":71,"type":"if","locations":[{"start":{"line":71,"column":8},"end":{"line":71,"column":8}},{"start":{"line":71,"column":8},"end":{"line":71,"column":8}}]},"9":{"line":79,"type":"if","locations":[{"start":{"line":79,"column":12},"end":{"line":79,"column":12}},{"start":{"line":79,"column":12},"end":{"line":79,"column":12}}]},"10":{"line":86,"type":"if","locations":[{"start":{"line":86,"column":12},"end":{"line":86,"column":12}},{"start":{"line":86,"column":12},"end":{"line":86,"column":12}}]},"11":{"line":91,"type":"if","locations":[{"start":{"line":91,"column":16},"end":{"line":91,"column":16}},{"start":{"line":91,"column":16},"end":{"line":91,"column":16}}]},"12":{"line":99,"type":"if","locations":[{"start":{"line":99,"column":8},"end":{"line":99,"column":8}},{"start":{"line":99,"column":8},"end":{"line":99,"column":8}}]},"13":{"line":106,"type":"if","locations":[{"start":{"line":106,"column":8},"end":{"line":106,"column":8}},{"start":{"line":106,"column":8},"end":{"line":106,"column":8}}]}}},
"contracts\\MockDOT.sol":{"l":{"10":1,"14":1,"21":2,"27":0},"path":"D:\\Projects\\Sagitta\\SAGProtocol\\contracts\\MockDOT.sol","s":{"1":1,"2":2,"3":0},"b":{},"f":{"1":1,"2":1,"3":2,"4":0},"fnMap":{"1":{"name":"constructor","line":9,"loc":{"start":{"line":9,"column":4},"end":{"line":11,"column":4}}},"2":{"name":"decimals","line":13,"loc":{"start":{"line":13,"column":4},"end":{"line":15,"column":4}}},"3":{"name":"mint","line":20,"loc":{"start":{"line":20,"column":4},"end":{"line":22,"column":4}}},"4":{"name":"mintTo","line":26,"loc":{"start":{"line":26,"column":4},"end":{"line":28,"column":4}}}},"statementMap":{"1":{"start":{"line":14,"column":8},"end":{"line":14,"column":16}},"2":{"start":{"line":21,"column":8},"end":{"line":21,"column":24}},"3":{"start":{"line":27,"column":8},"end":{"line":27,"column":32}}},"branchMap":{}},
"contracts\\MockGOLD.sol":{"l":{"12":0,"17":3},"path":"D:\\Projects\\Sagitta\\SAGProtocol\\contracts\\MockGOLD.sol","s":{"1":0,"2":3},"b":{"1":[0,1]},"f":{"1":1,"2":0,"3":3},"fnMap":{"1":{"name":"constructor","line":8,"loc":{"start":{"line":8,"column":4},"end":{"line":8,"column":67}}},"2":{"name":"mint","line":11,"loc":{"start":{"line":11,"column":4},"end":{"line":13,"column":4}}},"3":{"name":"faucetMint","line":16,"loc":{"start":{"line":16,"column":4},"end":{"line":18,"column":4}}}},"statementMap":{"1":{"start":{"line":12,"column":8},"end":{"line":12,"column":24}},"2":{"start":{"line":17,"column":8},"end":{"line":17,"column":24}}},"branchMap":{"1":{"line":11,"type":"if","locations":[{"start":{"line":11,"column":55},"end":{"line":11,"column":55}},{"start":{"line":11,"column":55},"end":{"line":11,"column":55}}]}}},
"contracts\\MockOracle.sol":{"l":{"8":1,"14":0,"18":0,"22":0,"28":1,"32":0},"path":"D:\\Projects\\Sagitta\\SAGProtocol\\contracts\\MockOracle.sol","s":{"1":0,"2":0,"3":0,"4":1,"5":0},"b":{},"f":{"1":1,"2":0,"3":0,"4":0,"5":1,"6":0},"fnMap":{"1":{"name":"setPrice","line":7,"loc":{"start":{"line":7,"column":4},"end":{"line":9,"column":4}}},"2":{"name":"getSagPriceUsd","line":13,"loc":{"start":{"line":13,"column":4},"end":{"line":15,"column":4}}},"3":{"name":"getGoldPriceUsd","line":17,"loc":{"start":{"line":17,"column":4},"end":{"line":19,"column":4}}},"4":{"name":"getPrice","line":21,"loc":{"start":{"line":21,"column":4},"end":{"line":23,"column":4}}},"5":{"name":"getSagPrice","line":27,"loc":{"start":{"line":27,"column":4},"end":{"line":29,"column":4}}},"6":{"name":"getGoldPrice","line":31,"loc":{"start":{"line":31,"column":4},"end":{"line":33,"column":4}}}},"statementMap":{"1":{"start":{"line":14,"column":8},"end":{"line":14,"column":20}},"2":{"start":{"line":18,"column":8},"end":{"line":18,"column":20}},"3":{"start":{"line":22,"column":8},"end":{"line":22,"column":20}},"4":{"start":{"line":28,"column":8},"end":{"line":28,"column":20}},"5":{"start":{"line":32,"column":8},"end":{"line":32,"column":20}}},"branchMap":{}},
"contracts\\mocks\\ERC20Mock.sol":{"l":{"14":0,"18":0,"22":0,"26":0},"path":"D:\\Projects\\Sagitta\\SAGProtocol\\contracts\\mocks\\ERC20Mock.sol","s":{"1":0,"2":0,"3":0},"b":{},"f":{"1":0,"2":0,"3":0,"4":0},"fnMap":{"1":{"name":"constructor","line":13,"loc":{"start":{"line":9,"column":4},"end":{"line":15,"column":4}}},"2":{"name":"decimals","line":17,"loc":{"start":{"line":17,"column":4},"end":{"line":19,"column":4}}},"3":{"name":"mint","line":21,"loc":{"start":{"line":21,"column":4},"end":{"line":23,"column":4}}},"4":{"name":"burn","line":25,"loc":{"start":{"line":25,"column":4},"end":{"line":27,"column":4}}}},"statementMap":{"1":{"start":{"line":18,"column":8},"end":{"line":18,"column":24}},"2":{"start":{"line":22,"column":8},"end":{"line":22,"column":24}},"3":{"start":{"line":26,"column":8},"end":{"line":26,"column":26}}},"branchMap":{}},
"contracts\\mocks\\OracleMock.sol":{"l":{"8":0,"12":0,"16":0},"path":"D:\\Projects\\Sagitta\\SAGProtocol\\contracts\\mocks\\OracleMock.sol","s":{"1":0},"b":{},"f":{"1":0,"2":0,"3":0},"fnMap":{"1":{"name":"constructor","line":7,"loc":{"start":{"line":7,"column":4},"end":{"line":9,"column":4}}},"2":{"name":"getPrice","line":11,"loc":{"start":{"line":11,"column":4},"end":{"line":13,"column":4}}},"3":{"name":"setPrice","line":15,"loc":{"start":{"line":15,"column":4},"end":{"line":17,"column":4}}}},"statementMap":{"1":{"start":{"line":12,"column":8},"end":{"line":12,"column":20}}},"branchMap":{}},
"contracts\\mocks\\SAGTokenStub.sol":{"l":{"17":1,"18":1,"19":1,"23":1,"27":1,"28":1,"29":1,"30":1,"34":1,"35":1,"36":1,"37":1,"38":1,"39":1},"path":"D:\\Projects\\Sagitta\\SAGProtocol\\contracts\\mocks\\SAGTokenStub.sol","s":{"1":1,"2":1,"3":1,"4":1,"5":1,"6":1,"7":1,"8":1},"b":{"1":[1,0],"2":[1,0]},"f":{"1":1,"2":1,"3":1,"4":1,"5":1},"fnMap":{"1":{"name":"constructor","line":14,"loc":{"start":{"line":14,"column":4},"end":{"line":14,"column":19}}},"2":{"name":"mint","line":16,"loc":{"start":{"line":16,"column":4},"end":{"line":20,"column":4}}},"3":{"name":"faucetMint","line":22,"loc":{"start":{"line":22,"column":4},"end":{"line":24,"column":4}}},"4":{"name":"burn","line":26,"loc":{"start":{"line":26,"column":4},"end":{"line":31,"column":4}}},"5":{"name":"transfer","line":33,"loc":{"start":{"line":33,"column":4},"end":{"line":40,"column":4}}}},"statementMap":{"1":{"start":{"line":19,"column":8},"end":{"line":19,"column":45}},"2":{"start":{"line":23,"column":8},"end":{"line":23,"column":23}},"3":{"start":{"line":27,"column":8},"end":{"line":27,"column":57}},"4":{"start":{"line":30,"column":8},"end":{"line":30,"column":47}},"5":{"start":{"line":34,"column":8},"end":{"line":34,"column":33}},"6":{"start":{"line":35,"column":8},"end":{"line":35,"column":50}},"7":{"start":{"line":38,"column":8},"end":{"line":38,"column":39}},"8":{"start":{"line":39,"column":8},"end":{"line":39,"column":19}}},"branchMap":{"1":{"line":27,"type":"if","locations":[{"start":{"line":27,"column":8},"end":{"line":27,"column":8}},{"start":{"line":27,"column":8},"end":{"line":27,"column":8}}]},"2":{"line":35,"type":"if","locations":[{"start":{"line":35,"column":8},"end":{"line":35,"column":8}},{"start":{"line":35,"column":8},"end":{"line":35,"column":8}}]}}},
"contracts\\mocks\\TestTreasury.sol":{"l":{"21":1,"26":1,"31":7,"32":7,"35":7,"37":7,"40":7,"45":2,"46":2,"47":2,"48":2,"49":2,"50":2},"path":"D:\\Projects\\Sagitta\\SAGProtocol\\contracts\\mocks\\TestTreasury.sol","s":{"1":1,"2":7,"3":7,"4":7,"5":2},"b":{"1":[0,7]},"f":{"1":1,"2":1,"3":7,"4":2},"fnMap":{"1":{"name":"constructor","line":20,"loc":{"start":{"line":20,"column":4},"end":{"line":22,"column":4}}},"2":{"name":"approveToken","line":25,"loc":{"start":{"line":25,"column":4},"end":{"line":27,"column":4}}},"3":{"name":"fundEscrowBatch","line":30,"loc":{"start":{"line":30,"column":4},"end":{"line":41,"column":4}}},"4":{"name":"reportBatchResult","line":44,"loc":{"start":{"line":44,"column":4},"end":{"line":51,"column":4}}}},"statementMap":{"1":{"start":{"line":26,"column":8},"end":{"line":26,"column":45}},"2":{"start":{"line":35,"column":8},"end":{"line":35,"column":113}},"3":{"start":{"line":37,"column":8},"end":{"line":37,"column":1552}},"4":{"start":{"line":40,"column":8},"end":{"line":40,"column":51}},"5":{"start":{"line":50,"column":8},"end":{"line":50,"column":85}}},"branchMap":{"1":{"line":37,"type":"if","locations":[{"start":{"line":37,"column":8},"end":{"line":37,"column":8}},{"start":{"line":37,"column":8},"end":{"line":37,"column":8}}]}}},
"contracts\\mocks\\TestVault.sol":{"l":{"36":6,"49":1,"50":1,"58":1,"63":6},"path":"D:\\Projects\\Sagitta\\SAGProtocol\\contracts\\mocks\\TestVault.sol","s":{"1":1,"2":1,"3":1,"4":6},"b":{},"f":{"1":6,"2":1,"3":1,"4":6},"fnMap":{"1":{"name":"setDeposit","line":25,"loc":{"start":{"line":25,"column":4},"end":{"line":37,"column":4}}},"2":{"name":"depositInfo","line":39,"loc":{"start":{"line":39,"column":4},"end":{"line":51,"column":4}}},"3":{"name":"forwardRegisterDeposit","line":57,"loc":{"start":{"line":57,"column":4},"end":{"line":59,"column":4}}},"4":{"name":"forwardRegisterDepositTo","line":62,"loc":{"start":{"line":62,"column":4},"end":{"line":64,"column":4}}}},"statementMap":{"1":{"start":{"line":49,"column":8},"end":{"line":49,"column":40}},"2":{"start":{"line":50,"column":8},"end":{"line":50,"column":105}},"3":{"start":{"line":58,"column":8},"end":{"line":58,"column":67}},"4":{"start":{"line":63,"column":8},"end":{"line":63,"column":78}}},"branchMap":{}},
"contracts\\mocks\\TreasuryPayMock.sol":{"l":{"16":0,"21":0,"27":0,"28":0,"29":0,"34":0},"path":"D:\\Projects\\Sagitta\\SAGProtocol\\contracts\\mocks\\TreasuryPayMock.sol","s":{"1":0,"2":0,"3":0,"4":0,"5":0},"b":{"1":[0,0],"2":[0,0]},"f":{"1":0,"2":0,"3":0,"4":0,"5":0,"6":0},"fnMap":{"1":{"name":"constructor","line":15,"loc":{"start":{"line":15,"column":4},"end":{"line":17,"column":4}}},"2":{"name":"canAdmit","line":20,"loc":{"start":{"line":20,"column":4},"end":{"line":22,"column":4}}},"3":{"name":"setAdmit","line":23,"loc":{"start":{"line":23,"column":4},"end":{"line":23,"column":52}}},"4":{"name":"payOut","line":26,"loc":{"start":{"line":26,"column":4},"end":{"line":30,"column":4}}},"5":{"name":"payOutUsd6","line":33,"loc":{"start":{"line":33,"column":4},"end":{"line":35,"column":4}}},"6":{"name":null,"line":38,"loc":{"start":{"line":38,"column":4},"end":{"line":38,"column":33}}}},"statementMap":{"1":{"start":{"line":21,"column":8},"end":{"line":21,"column":20}},"2":{"start":{"line":27,"column":8},"end":{"line":27,"column":40}},"3":{"start":{"line":28,"column":8},"end":{"line":28,"column":58}},"4":{"start":{"line":29,"column":8},"end":{"line":29,"column":19}},"5":{"start":{"line":34,"column":8},"end":{"line":34,"column":36}}},"branchMap":{"1":{"line":27,"type":"if","locations":[{"start":{"line":27,"column":8},"end":{"line":27,"column":8}},{"start":{"line":27,"column":8},"end":{"line":27,"column":8}}]},"2":{"line":28,"type":"if","locations":[{"start":{"line":28,"column":8},"end":{"line":28,"column":8}},{"start":{"line":28,"column":8},"end":{"line":28,"column":8}}]}}},
"contracts\\mocks\\TreasuryStub.sol":{"l":{"22":1,"23":1,"24":1,"29":1,"30":1,"31":1,"32":1,"33":1,"34":1,"39":1},"path":"D:\\Projects\\Sagitta\\SAGProtocol\\contracts\\mocks\\TreasuryStub.sol","s":{"1":1,"2":1,"3":1},"b":{},"f":{"1":1,"2":1,"3":1,"4":1},"fnMap":{"1":{"name":"constructor","line":18,"loc":{"start":{"line":18,"column":4},"end":{"line":18,"column":19}}},"2":{"name":"fundEscrowBatch","line":21,"loc":{"start":{"line":21,"column":4},"end":{"line":25,"column":4}}},"3":{"name":"reportBatchResult","line":28,"loc":{"start":{"line":28,"column":4},"end":{"line":35,"column":4}}},"4":{"name":"poke","line":38,"loc":{"start":{"line":38,"column":4},"end":{"line":40,"column":4}}}},"statementMap":{"1":{"start":{"line":24,"column":8},"end":{"line":24,"column":51}},"2":{"start":{"line":34,"column":8},"end":{"line":34,"column":85}},"3":{"start":{"line":39,"column":8},"end":{"line":39,"column":19}}},"branchMap":{}},
"contracts\\mocks\\VaultStub.sol":{"l":{"33":1,"47":1,"48":1},"path":"D:\\Projects\\Sagitta\\SAGProtocol\\contracts\\mocks\\VaultStub.sol","s":{"1":1,"2":1},"b":{},"f":{"1":1,"2":1,"3":1},"fnMap":{"1":{"name":"constructor","line":19,"loc":{"start":{"line":19,"column":4},"end":{"line":19,"column":19}}},"2":{"name":"setDeposit","line":22,"loc":{"start":{"line":22,"column":4},"end":{"line":34,"column":4}}},"3":{"name":"depositInfo","line":37,"loc":{"start":{"line":37,"column":4},"end":{"line":49,"column":4}}}},"statementMap":{"1":{"start":{"line":47,"column":8},"end":{"line":47,"column":40}},"2":{"start":{"line":48,"column":8},"end":{"line":48,"column":105}}},"branchMap":{}},
"contracts\\MockUSDC.sol":{"l":{"10":5,"14":1,"19":14},"path":"D:\\Projects\\Sagitta\\SAGProtocol\\contracts\\MockUSDC.sol","s":{"1":5,"2":1,"3":14},"b":{},"f":{"1":1,"2":5,"3":1,"4":14},"fnMap":{"1":{"name":"constructor","line":7,"loc":{"start":{"line":7,"column":4},"end":{"line":7,"column":47}}},"2":{"name":"faucetMint","line":9,"loc":{"start":{"line":9,"column":4},"end":{"line":11,"column":4}}},"3":{"name":"decimals","line":13,"loc":{"start":{"line":13,"column":4},"end":{"line":15,"column":4}}},"4":{"name":"mint","line":18,"loc":{"start":{"line":18,"column":4},"end":{"line":20,"column":4}}}},"statementMap":{"1":{"start":{"line":10,"column":8},"end":{"line":10,"column":24}},"2":{"start":{"line":14,"column":8},"end":{"line":14,"column":16}},"3":{"start":{"line":19,"column":8},"end":{"line":19,"column":24}}},"branchMap":{}},
"contracts\\PriceOracleRouter.sol":{"l":{"17":1,"18":1,"22":1,"26":1},"path":"D:\\Projects\\Sagitta\\SAGProtocol\\contracts\\PriceOracleRouter.sol","s":{"1":1,"2":1},"b":{},"f":{"1":1,"2":1,"3":1},"fnMap":{"1":{"name":"constructor","line":16,"loc":{"start":{"line":16,"column":4},"end":{"line":19,"column":4}}},"2":{"name":"getSagPriceUsd","line":21,"loc":{"start":{"line":21,"column":4},"end":{"line":23,"column":4}}},"3":{"name":"getGoldPriceUsd","line":25,"loc":{"start":{"line":25,"column":4},"end":{"line":27,"column":4}}}},"statementMap":{"1":{"start":{"line":22,"column":8},"end":{"line":22,"column":50}},"2":{"start":{"line":26,"column":8},"end":{"line":26,"column":53}}},"branchMap":{}},
"contracts\\ReserveController.sol":{"l":{"28":1,"29":1,"30":1,"34":1,"35":1,"40":0,"41":0,"45":2,"46":1,"47":1,"48":1,"50":1,"51":1,"52":1,"57":0,"58":0,"59":0,"63":0,"67":0,"68":0,"72":0,"78":0,"80":0,"81":0,"82":0,"85":0,"92":0},"path":"D:\\Projects\\Sagitta\\SAGProtocol\\contracts\\ReserveController.sol","s":{"1":1,"2":0,"3":2,"4":1,"5":1,"6":1,"7":1,"8":1,"9":1,"10":1,"11":0,"12":0,"13":0,"14":0,"15":0,"16":0,"17":0,"18":0,"19":0,"20":0},"b":{"1":[1,0],"2":[1,0],"3":[0,0],"4":[0,0],"5":[2,0],"6":[1,1],"7":[1,0],"8":[1,0],"9":[1,0],"10":[0,0],"11":[0,0],"12":[0,0],"13":[0,0]},"f":{"1":1,"2":1,"3":0,"4":2,"5":0,"6":0,"7":0,"8":0,"9":0,"10":0},"fnMap":{"1":{"name":"constructor","line":27,"loc":{"start":{"line":27,"column":4},"end":{"line":31,"column":4}}},"2":{"name":"setTreasury","line":33,"loc":{"start":{"line":33,"column":4},"end":{"line":36,"column":4}}},"3":{"name":"setGoldOracle","line":39,"loc":{"start":{"line":39,"column":4},"end":{"line":42,"column":4}}},"4":{"name":"manageReserve","line":44,"loc":{"start":{"line":44,"column":4},"end":{"line":54,"column":4}}},"5":{"name":"setReserveRatio","line":56,"loc":{"start":{"line":56,"column":4},"end":{"line":60,"column":4}}},"6":{"name":"getReserveRatio","line":62,"loc":{"start":{"line":62,"column":4},"end":{"line":64,"column":4}}},"7":{"name":"addReserves","line":66,"loc":{"start":{"line":66,"column":4},"end":{"line":69,"column":4}}},"8":{"name":"totalReserves","line":71,"loc":{"start":{"line":71,"column":4},"end":{"line":73,"column":4}}},"9":{"name":"navReserveUsd","line":77,"loc":{"start":{"line":77,"column":4},"end":{"line":86,"column":4}}},"10":{"name":"coverageRatio","line":90,"loc":{"start":{"line":90,"column":4},"end":{"line":93,"column":4}}}},"statementMap":{"1":{"start":{"line":34,"column":8},"end":{"line":34,"column":74}},"2":{"start":{"line":40,"column":8},"end":{"line":40,"column":62}},"3":{"start":{"line":45,"column":8},"end":{"line":45,"column":1553}},"4":{"start":{"line":46,"column":12},"end":{"line":46,"column":65}},"5":{"start":{"line":47,"column":12},"end":{"line":47,"column":99}},"6":{"start":{"line":48,"column":12},"end":{"line":48,"column":44}},"7":{"start":{"line":49,"column":15},"end":{"line":49,"column":1821}},"8":{"start":{"line":50,"column":12},"end":{"line":50,"column":65}},"9":{"start":{"line":51,"column":12},"end":{"line":51,"column":82}},"10":{"start":{"line":52,"column":12},"end":{"line":52,"column":46}},"11":{"start":{"line":57,"column":8},"end":{"line":57,"column":50}},"12":{"start":{"line":59,"column":8},"end":{"line":59,"column":42}},"13":{"start":{"line":63,"column":8},"end":{"line":63,"column":27}},"14":{"start":{"line":68,"column":8},"end":{"line":68,"column":41}},"15":{"start":{"line":72,"column":8},"end":{"line":72,"column":30}},"16":{"start":{"line":78,"column":8},"end":{"line":78,"column":55}},"17":{"start":{"line":80,"column":8},"end":{"line":80,"column":29}},"18":{"start":{"line":81,"column":8},"end":{"line":81,"column":3010}},"19":{"start":{"line":85,"column":8},"end":{"line":85,"column":43}},"20":{"start":{"line":92,"column":8},"end":{"line":92,"column":27}}},"branchMap":{"1":{"line":33,"type":"if","locations":[{"start":{"line":33,"column":53},"end":{"line":33,"column":53}},{"start":{"line":33,"column":53},"end":{"line":33,"column":53}}]},"2":{"line":34,"type":"if","locations":[{"start":{"line":34,"column":8},"end":{"line":34,"column":8}},{"start":{"line":34,"column":8},"end":{"line":34,"column":8}}]},"3":{"line":39,"type":"if","locations":[{"start":{"line":39,"column":53},"end":{"line":39,"column":53}},{"start":{"line":39,"column":53},"end":{"line":39,"column":53}}]},"4":{"line":40,"type":"if","locations":[{"start":{"line":40,"column":8},"end":{"line":40,"column":8}},{"start":{"line":40,"column":8},"end":{"line":40,"column":8}}]},"5":{"line":44,"type":"if","locations":[{"start":{"line":44,"column":58},"end":{"line":44,"column":58}},{"start":{"line":44,"column":58},"end":{"line":44,"column":58}}]},"6":{"line":45,"type":"if","locations":[{"start":{"line":45,"column":8},"end":{"line":45,"column":8}},{"start":{"line":45,"column":8},"end":{"line":45,"column":8}}]},"7":{"line":47,"type":"if","locations":[{"start":{"line":47,"column":12},"end":{"line":47,"column":12}},{"start":{"line":47,"column":12},"end":{"line":47,"column":12}}]},"8":{"line":49,"type":"if","locations":[{"start":{"line":49,"column":15},"end":{"line":49,"column":15}},{"start":{"line":49,"column":15},"end":{"line":49,"column":15}}]},"9":{"line":51,"type":"if","locations":[{"start":{"line":51,"column":12},"end":{"line":51,"column":12}},{"start":{"line":51,"column":12},"end":{"line":51,"column":12}}]},"10":{"line":56,"type":"if","locations":[{"start":{"line":56,"column":56},"end":{"line":56,"column":56}},{"start":{"line":56,"column":56},"end":{"line":56,"column":56}}]},"11":{"line":57,"type":"if","locations":[{"start":{"line":57,"column":8},"end":{"line":57,"column":8}},{"start":{"line":57,"column":8},"end":{"line":57,"column":8}}]},"12":{"line":66,"type":"if","locations":[{"start":{"line":66,"column":65},"end":{"line":66,"column":65}},{"start":{"line":66,"column":65},"end":{"line":66,"column":65}}]},"13":{"line":81,"type":"if","locations":[{"start":{"line":81,"column":8},"end":{"line":81,"column":8}},{"start":{"line":81,"column":8},"end":{"line":81,"column":8}}]}}},
"contracts\\SagittaVaultReceipt.sol":{"l":{"30":18,"31":8,"35":1,"36":1,"37":1,"43":1,"48":1,"55":3,"58":0,"60":3,"61":3,"66":1,"71":1,"77":1,"80":0,"82":1,"83":1,"89":1,"90":1,"92":0},"path":"D:\\Projects\\Sagitta\\SAGProtocol\\contracts\\SagittaVaultReceipt.sol","s":{"1":8,"2":1,"3":1,"4":1,"5":1,"6":3,"7":0,"8":3,"9":1,"10":1,"11":1,"12":0,"13":1,"14":1,"15":1,"16":0},"b":{"1":[10,0],"2":[0,8],"3":[1,0],"4":[1,0],"5":[1,0],"6":[1,0],"7":[3,0],"8":[1,0],"9":[1,0],"10":[1,0]},"f":{"1":1,"2":22,"3":1,"4":1,"5":1,"6":3,"7":1,"8":1,"9":1,"10":1},"fnMap":{"1":{"name":"constructor","line":23,"loc":{"start":{"line":21,"column":4},"end":{"line":26,"column":4}}},"2":{"name":"onlyMinterOrOwner","line":29,"loc":{"start":{"line":29,"column":4},"end":{"line":32,"column":4}}},"3":{"name":"setMinter","line":34,"loc":{"start":{"line":34,"column":4},"end":{"line":38,"column":4}}},"4":{"name":"mint","line":41,"loc":{"start":{"line":41,"column":4},"end":{"line":44,"column":4}}},"5":{"name":"burn","line":47,"loc":{"start":{"line":47,"column":4},"end":{"line":49,"column":4}}},"6":{"name":"setBatch","line":53,"loc":{"start":{"line":53,"column":4},"end":{"line":62,"column":4}}},"7":{"name":"setTokenBatch","line":65,"loc":{"start":{"line":65,"column":4},"end":{"line":67,"column":4}}},"8":{"name":"setReceiptBatch","line":70,"loc":{"start":{"line":70,"column":4},"end":{"line":72,"column":4}}},"9":{"name":"updateMetadata","line":76,"loc":{"start":{"line":76,"column":4},"end":{"line":84,"column":4}}},"10":{"name":"tokenMetadata","line":87,"loc":{"start":{"line":87,"column":4},"end":{"line":94,"column":4}}}},"statementMap":{"1":{"start":{"line":30,"column":8},"end":{"line":30,"column":85}},"2":{"start":{"line":35,"column":8},"end":{"line":35,"column":55}},"3":{"start":{"line":37,"column":8},"end":{"line":37,"column":31}},"4":{"start":{"line":43,"column":8},"end":{"line":43,"column":29}},"5":{"start":{"line":48,"column":8},"end":{"line":48,"column":21}},"6":{"start":{"line":55,"column":8},"end":{"line":55,"column":2061}},"7":{"start":{"line":58,"column":12},"end":{"line":58,"column":38}},"8":{"start":{"line":61,"column":8},"end":{"line":61,"column":46}},"9":{"start":{"line":66,"column":8},"end":{"line":66,"column":33}},"10":{"start":{"line":71,"column":8},"end":{"line":71,"column":33}},"11":{"start":{"line":77,"column":8},"end":{"line":77,"column":2938}},"12":{"start":{"line":80,"column":12},"end":{"line":80,"column":38}},"13":{"start":{"line":83,"column":8},"end":{"line":83,"column":54}},"14":{"start":{"line":89,"column":8},"end":{"line":89,"column":3393}},"15":{"start":{"line":90,"column":12},"end":{"line":90,"column":42}},"16":{"start":{"line":92,"column":12},"end":{"line":92,"column":38}}},"branchMap":{"1":{"line":30,"type":"if","locations":[{"start":{"line":30,"column":8},"end":{"line":30,"column":8}},{"start":{"line":30,"column":8},"end":{"line":30,"column":8}}]},"2":{"line":30,"type":"cond-expr","locations":[{"start":{"line":30,"column":16},"end":{"line":30,"column":36}},{"start":{"line":30,"column":41},"end":{"line":30,"column":60}}]},"3":{"line":34,"type":"if","locations":[{"start":{"line":34,"column":49},"end":{"line":34,"column":49}},{"start":{"line":34,"column":49},"end":{"line":34,"column":49}}]},"4":{"line":35,"type":"if","locations":[{"start":{"line":35,"column":8},"end":{"line":35,"column":8}},{"start":{"line":35,"column":8},"end":{"line":35,"column":8}}]},"5":{"line":41,"type":"if","locations":[{"start":{"line":41,"column":56},"end":{"line":41,"column":56}},{"start":{"line":41,"column":56},"end":{"line":41,"column":56}}]},"6":{"line":47,"type":"if","locations":[{"start":{"line":47,"column":44},"end":{"line":47,"column":44}},{"start":{"line":47,"column":44},"end":{"line":47,"column":44}}]},"7":{"line":53,"type":"if","locations":[{"start":{"line":53,"column":63},"end":{"line":53,"column":63}},{"start":{"line":53,"column":63},"end":{"line":53,"column":63}}]},"8":{"line":65,"type":"if","locations":[{"start":{"line":65,"column":70},"end":{"line":65,"column":70}},{"start":{"line":65,"column":70},"end":{"line":65,"column":70}}]},"9":{"line":70,"type":"if","locations":[{"start":{"line":70,"column":72},"end":{"line":70,"column":72}},{"start":{"line":70,"column":72},"end":{"line":70,"column":72}}]},"10":{"line":76,"type":"if","locations":[{"start":{"line":76,"column":80},"end":{"line":76,"column":80}},{"start":{"line":76,"column":80},"end":{"line":76,"column":80}}]}}},
"contracts\\SAGToken.sol":{"l":{"19":0,"20":0,"21":0,"26":0,"27":0,"28":0,"33":0,"34":0,"35":0,"40":0},"path":"D:\\Projects\\Sagitta\\SAGProtocol\\contracts\\SAGToken.sol","s":{"1":0,"2":0,"3":0,"4":0,"5":0,"6":0,"7":0,"8":0,"9":0},"b":{"1":[0,0],"2":[0,0],"3":[0,0],"4":[0,0],"5":[0,0],"6":[0,0],"7":[0,0],"8":[0,0]},"f":{"1":0,"2":0,"3":0,"4":0,"5":0},"fnMap":{"1":{"name":"constructor","line":15,"loc":{"start":{"line":15,"column":4},"end":{"line":15,"column":65}}},"2":{"name":"setTreasury","line":18,"loc":{"start":{"line":18,"column":4},"end":{"line":22,"column":4}}},"3":{"name":"mint","line":25,"loc":{"start":{"line":25,"column":4},"end":{"line":29,"column":4}}},"4":{"name":"burn","line":32,"loc":{"start":{"line":32,"column":4},"end":{"line":36,"column":4}}},"5":{"name":"faucetMint","line":39,"loc":{"start":{"line":39,"column":4},"end":{"line":41,"column":4}}}},"statementMap":{"1":{"start":{"line":19,"column":8},"end":{"line":19,"column":74}},"2":{"start":{"line":21,"column":8},"end":{"line":21,"column":35}},"3":{"start":{"line":26,"column":8},"end":{"line":26,"column":67}},"4":{"start":{"line":27,"column":8},"end":{"line":27,"column":67}},"5":{"start":{"line":28,"column":8},"end":{"line":28,"column":24}},"6":{"start":{"line":33,"column":8},"end":{"line":33,"column":71}},"7":{"start":{"line":34,"column":8},"end":{"line":34,"column":67}},"8":{"start":{"line":35,"column":8},"end":{"line":35,"column":26}},"9":{"start":{"line":40,"column":8},"end":{"line":40,"column":24}}},"branchMap":{"1":{"line":18,"type":"if","locations":[{"start":{"line":18,"column":53},"end":{"line":18,"column":53}},{"start":{"line":18,"column":53},"end":{"line":18,"column":53}}]},"2":{"line":19,"type":"if","locations":[{"start":{"line":19,"column":8},"end":{"line":19,"column":8}},{"start":{"line":19,"column":8},"end":{"line":19,"column":8}}]},"3":{"line":25,"type":"if","locations":[{"start":{"line":25,"column":55},"end":{"line":25,"column":55}},{"start":{"line":25,"column":55},"end":{"line":25,"column":55}}]},"4":{"line":26,"type":"if","locations":[{"start":{"line":26,"column":8},"end":{"line":26,"column":8}},{"start":{"line":26,"column":8},"end":{"line":26,"column":8}}]},"5":{"line":27,"type":"if","locations":[{"start":{"line":27,"column":8},"end":{"line":27,"column":8}},{"start":{"line":27,"column":8},"end":{"line":27,"column":8}}]},"6":{"line":32,"type":"if","locations":[{"start":{"line":32,"column":57},"end":{"line":32,"column":57}},{"start":{"line":32,"column":57},"end":{"line":32,"column":57}}]},"7":{"line":33,"type":"if","locations":[{"start":{"line":33,"column":8},"end":{"line":33,"column":8}},{"start":{"line":33,"column":8},"end":{"line":33,"column":8}}]},"8":{"line":34,"type":"if","locations":[{"start":{"line":34,"column":8},"end":{"line":34,"column":8}},{"start":{"line":34,"column":8},"end":{"line":34,"column":8}}]}}},
"contracts\\Treasury.sol":{"l":{"86":0,"87":0,"88":0,"109":0,"110":0,"115":0,"116":0,"121":0,"122":0,"133":0,"134":0,"135":0,"136":0,"137":0,"138":0,"142":0,"143":0,"147":0,"148":0,"152":0,"153":0,"158":0,"159":0,"163":0,"164":0,"169":0,"174":0,"175":0,"179":0,"185":0,"186":0,"187":0,"188":0,"190":0,"191":0,"195":0,"196":0,"197":0,"198":0,"199":0,"204":0,"208":0,"212":0,"213":0,"214":0,"215":0,"220":0,"226":0,"235":0,"236":0,"239":0,"241":0,"248":0,"253":0,"256":0,"257":0,"259":0,"260":0,"264":0,"265":0,"270":0,"271":0,"272":0,"273":0,"275":0,"276":0,"277":0,"280":0,"285":0,"286":0,"287":0,"288":0,"289":0,"290":0,"291":0,"292":0,"293":0,"295":0,"297":0,"299":0,"302":0,"303":0,"304":0,"305":0,"306":0,"307":0,"311":0,"312":0,"313":0,"314":0,"317":0,"318":0,"319":0,"320":0,"321":0,"324":0,"325":0,"326":0,"327":0,"330":0,"331":0,"332":0,"333":0,"335":0,"336":0,"338":0,"340":0,"341":0,"343":0,"344":0,"351":0,"353":0,"354":0,"355":0,"356":0,"357":0,"361":0,"362":0,"366":0,"367":0,"371":0,"372":0,"376":0,"377":0,"378":0,"379":0,"383":0,"384":0,"385":0,"386":0,"387":0,"390":0,"403":0,"404":0,"405":0,"407":0,"408":0,"409":0,"410":0,"412":0,"424":0,"425":0,"426":0,"427":0,"428":0,"429":0,"430":0,"431":0,"432":0,"433":0,"435":0,"436":0,"437":0,"442":0,"443":0,"444":0,"447":0,"448":0,"449":0,"450":0,"451":0,"455":0,"456":0,"460":0,"461":0,"465":0,"466":0,"470":0,"471":0,"472":0,"473":0,"477":0,"478":0,"479":0,"480":0,"481":0,"484":0,"490":0,"491":0,"492":0,"493":0,"495":0,"496":0,"497":0,"501":0,"503":0,"504":0,"505":0,"507":0,"512":0,"513":0,"514":0,"515":0,"521":0,"522":0,"523":0,"524":0,"527":0,"533":0,"536":0,"537":0,"538":0,"541":0,"542":0,"544":0,"545":0,"549":0,"551":0,"553":0,"555":0,"557":0,"558":0,"562":0,"563":0,"564":0,"567":0,"568":0,"574":0,"576":0,"577":0,"589":0,"591":0,"593":0,"595":0,"596":0,"598":0,"600":0,"614":0,"615":0,"616":0,"617":0,"618":0,"620":0,"623":0,"626":0,"627":0,"630":0,"631":0,"634":0,"635":0,"636":0,"638":0,"639":0,"641":0,"642":0,"643":0,"645":0,"647":0,"648":0,"649":0,"652":0,"662":0,"663":0,"666":0,"667":0,"671":0,"673":0,"679":0,"680":0,"681":0,"682":0,"693":0,"695":0,"697":0,"698":0,"699":0,"702":0,"703":0,"704":0,"705":0,"706":0,"708":0,"710":0,"711":0,"712":0,"715":0,"718":0,"728":0,"730":0,"731":0,"733":0,"737":0},"path":"D:\\Projects\\Sagitta\\SAGProtocol\\contracts\\Treasury.sol","s":{"1":0,"2":0,"3":0,"4":0,"5":0,"6":0,"7":0,"8":0,"9":0,"10":0,"11":0,"12":0,"13":0,"14":0,"15":0,"16":0,"17":0,"18":0,"19":0,"20":0,"21":0,"22":0,"23":0,"24":0,"25":0,"26":0,"27":0,"28":0,"29":0,"30":0,"31":0,"32":0,"33":0,"34":0,"35":0,"36":0,"37":0,"38":0,"39":0,"40":0,"41":0,"42":0,"43":0,"44":0,"45":0,"46":0,"47":0,"48":0,"49":0,"50":0,"51":0,"52":0,"53":0,"54":0,"55":0,"56":0,"57":0,"58":0,"59":0,"60":0,"61":0,"62":0,"63":0,"64":0,"65":0,"66":0,"67":0,"68":0,"69":0,"70":0,"71":0,"72":0,"73":0,"74":0,"75":0,"76":0,"77":0,"78":0,"79":0,"80":0,"81":0,"82":0,"83":0,"84":0,"85":0,"86":0,"87":0,"88":0,"89":0,"90":0,"91":0,"92":0,"93":0,"94":0,"95":0,"96":0,"97":0,"98":0,"99":0,"100":0,"101":0,"102":0,"103":0,"104":0,"105":0,"106":0,"107":0,"108":0,"109":0,"110":0,"111":0,"112":0,"113":0,"114":0,"115":0,"116":0,"117":0,"118":0,"119":0,"120":0,"121":0,"122":0,"123":0,"124":0,"125":0,"126":0,"127":0,"128":0,"129":0,"130":0,"131":0,"132":0,"133":0,"134":0,"135":0,"136":0,"137":0,"138":0,"139":0,"140":0,"141":0,"142":0,"143":0,"144":0,"145":0,"146":0,"147":0,"148":0,"149":0,"150":0,"151":0,"152":0,"153":0,"154":0,"155":0,"156":0,"157":0,"158":0,"159":0,"160":0,"161":0,"162":0,"163":0,"164":0,"165":0,"166":0,"167":0,"168":0,"169":0,"170":0,"171":0,"172":0,"173":0,"174":0,"175":0,"176":0,"177":0,"178":0,"179":0,"180":0,"181":0,"182":0,"183":0,"184":0,"185":0,"186":0,"187":0,"188":0,"189":0,"190":0,"191":0,"192":0,"193":0,"194":0,"195":0,"196":0,"197":0,"198":0,"199":0,"200":0,"201":0,"202":0,"203":0,"204":0,"205":0,"206":0,"207":0,"208":0,"209":0,"210":0,"211":0,"212":0,"213":0,"214":0,"215":0,"216":0,"217":0,"218":0,"219":0,"220":0,"221":0,"222":0,"223":0,"224":0},"b":{"1":[0,0],"2":[0,0],"3":[0,0],"4":[0,0],"5":[0,0],"6":[0,0],"7":[0,0],"8":[0,0],"9":[0,0],"10":[0,0],"11":[0,0],"12":[0,0],"13":[0,0],"14":[0,0],"15":[0,0],"16":[0,0],"17":[0,0],"18":[0,0],"19":[0,0],"20":[0,0],"21":[0,0],"22":[0,0],"23":[0,0],"24":[0,0],"25":[0,0],"26":[0,0],"27":[0,0],"28":[0,0],"29":[0,0],"30":[0,0],"31":[0,0],"32":[0,0],"33":[0,0],"34":[0,0],"35":[0,0],"36":[0,0],"37":[0,0],"38":[0,0],"39":[0,0],"40":[0,0],"41":[0,0],"42":[0,0],"43":[0,0],"44":[0,0],"45":[0,0],"46":[0,0],"47":[0,0],"48":[0,0],"49":[0,0],"50":[0,0],"51":[0,0],"52":[0,0],"53":[0,0],"54":[0,0],"55":[0,0],"56":[0,0],"57":[0,0],"58":[0,0],"59":[0,0],"60":[0,0],"61":[0,0],"62":[0,0],"63":[0,0],"64":[0,0],"65":[0,0],"66":[0,0],"67":[0,0],"68":[0,0],"69":[0,0],"70":[0,0],"71":[0,0],"72":[0,0],"73":[0,0],"74":[0,0],"75":[0,0],"76":[0,0],"77":[0,0],"78":[0,0],"79":[0,0],"80":[0,0],"81":[0,0],"82":[0,0],"83":[0,0],"84":[0,0],"85":[0,0],"86":[0,0],"87":[0,0],"88":[0,0],"89":[0,0],"90":[0,0],"91":[0,0],"92":[0,0],"93":[0,0],"94":[0,0]},"f":{"1":0,"2":0,"3":0,"4":0,"5":0,"6":0,"7":0,"8":0,"9":0,"10":0,"11":0,"12":0,"13":0,"14":0,"15":0,"16":0,"17":0,"18":0,"19":0,"20":0,"21":0,"22":0,"23":0,"24":0,"25":0,"26":0,"27":0,"28":0,"29":0,"30":0,"31":0,"32":0,"33":0,"34":0,"35":0,"36":0},"fnMap":{"1":{"name":"setSlippageBps","line":85,"loc":{"start":{"line":85,"column":4},"end":{"line":89,"column":4}}},"2":{"name":"onlyVault","line":108,"loc":{"start":{"line":108,"column":4
[...]
lumn":8},"end":{"line":362,"column":62}},"81":{"start":{"line":364,"column":8},"end":{"line":364,"column":55}},"82":{"start":{"line":370,"column":8},"end":{"line":370,"column":63}},"83":{"start":{"line":371,"column":8},"end":{"line":371,"column":58}},"84":{"start":{"line":372,"column":8},"end":{"line":372,"column":55}},"85":{"start":{"line":374,"column":8},"end":{"line":374,"column":24}},"86":{"start":{"line":376,"column":8},"end":{"line":376,"column":15334}},"87":{"start":{"line":379,"column":12},"end":{"line":379,"column":39}},"88":{"start":{"line":387,"column":8},"end":{"line":387,"column":60}},"89":{"start":{"line":390,"column":8},"end":{"line":390,"column":67}},"90":{"start":{"line":392,"column":8},"end":{"line":392,"column":60}},"91":{"start":{"line":398,"column":8},"end":{"line":398,"column":16118}},"92":{"start":{"line":400,"column":12},"end":{"line":400,"column":55}},"93":{"start":{"line":409,"column":8},"end":{"line":409,"column":50}},"94":{"start":{"line":410,"column":8},"end":{"line":410,"column":48}},"95":{"start":{"line":412,"column":8},"end":{"line":412,"column":16775}},"96":{"start":{"line":418,"column":8},"end":{"line":418,"column":59}},"97":{"start":{"line":424,"column":8},"end":{"line":424,"column":58}},"98":{"start":{"line":425,"column":8},"end":{"line":425,"column":66}},"99":{"start":{"line":427,"column":8},"end":{"line":427,"column":50}},"100":{"start":{"line":428,"column":8},"end":{"line":428,"column":57}},"101":{"start":{"line":429,"column":8},"end":{"line":429,"column":73}},"102":{"start":{"line":431,"column":8},"end":{"line":431,"column":74}},"103":{"start":{"line":432,"column":8},"end":{"line":432,"column":44}},"104":{"start":{"line":433,"column":8},"end":{"line":433,"column":54}},"105":{"start":{"line":434,"column":8},"end":{"line":434,"column":60}},"106":{"start":{"line":435,"column":8},"end":{"line":435,"column":58}},"107":{"start":{"line":441,"column":8},"end":{"line":441,"column":96}},"108":{"start":{"line":442,"column":8},"end":{"line":442,"column":64}},"109":{"start":{"line":443,"column":8},"end":{"line":443,"column":81}},"110":{"start":{"line":444,"column":8},"end":{"line":444,"column":57}},"111":{"start":{"line":446,"column":8},"end":{"line":446,"column":63}},"112":{"start":{"line":451,"column":8},"end":{"line":451,"column":15}},"113":{"start":{"line":456,"column":8},"end":{"line":456,"column":17}},"114":{"start":{"line":463,"column":8},"end":{"line":463,"column":53}},"115":{"start":{"line":464,"column":8},"end":{"line":464,"column":68}},"116":{"start":{"line":466,"column":8},"end":{"line":466,"column":64}},"117":{"start":{"line":467,"column":8},"end":{"line":467,"column":50}},"118":{"start":{"line":469,"column":8},"end":{"line":469,"column":46}},"119":{"start":{"line":478,"column":8},"end":{"line":478,"column":65}},"120":{"start":{"line":479,"column":8},"end":{"line":479,"column":49}},"121":{"start":{"line":483,"column":8},"end":{"line":483,"column":74}},"122":{"start":{"line":485,"column":8},"end":{"line":485,"column":19}},"123":{"start":{"line":493,"column":8},"end":{"line":493,"column":25}},"124":{"start":{"line":494,"column":8},"end":{"line":494,"column":56}},"125":{"start":{"line":496,"column":8},"end":{"line":496,"column":20044}},"126":{"start":{"line":497,"column":12},"end":{"line":497,"column":67}},"127":{"start":{"line":498,"column":12},"end":{"line":498,"column":20179}},"128":{"start":{"line":503,"column":8},"end":{"line":503,"column":20}},"129":{"start":{"line":510,"column":8},"end":{"line":510,"column":33}},"130":{"start":{"line":517,"column":8},"end":{"line":517,"column":27}},"131":{"start":{"line":525,"column":8},"end":{"line":525,"column":72}},"132":{"start":{"line":533,"column":8},"end":{"line":533,"column":51}},"133":{"start":{"line":534,"column":8},"end":{"line":534,"column":46}},"134":{"start":{"line":536,"column":8},"end":{"line":536,"column":21634}},"135":{"start":{"line":537,"column":12},"end":{"line":537,"column":21701}},"136":{"start":{"line":539,"column":16},"end":{"line":539,"column":21804}},"137":{"start":{"line":545,"column":8},"end":{"line":545,"column":32}},"138":{"start":{"line":552,"column":8},"end":{"line":552,"column":28}},"139":{"start":{"line":559,"column":8},"end":{"line":559,"column":25}},"140":{"start":{"line":560,"column":8},"end":{"line":560,"column":56}},"141":{"start":{"line":561,"column":8},"end":{"line":561,"column":22518}},"142":{"start":{"line":562,"column":12},"end":{"line":562,"column":67}},"143":{"start":{"line":563,"column":12},"end":{"line":563,"column":22653}},"144":{"start":{"line":567,"column":8},"end":{"line":567,"column":20}},"145":{"start":{"line":574,"column":8},"end":{"line":574,"column":40}},"146":{"start":{"line":581,"column":8},"end":{"line":581,"column":35}},"147":{"start":{"line":589,"column":8},"end":{"line":589,"column":74}},"148":{"start":{"line":590,"column":8},"end":{"line":590,"column":53}},"149":{"start":{"line":591,"column":8},"end":{"line":591,"column":34}},"150":{"start":{"line":599,"column":8},"end":{"line":599,"column":36}},"151":{"start":{"line":611,"column":8},"end":{"line":611,"column":16}},"152":{"start":{"line":628,"column":8},"end":{"line":628,"column":51}},"153":{"start":{"line":640,"column":8},"end":{"line":640,"column":33}},"154":{"start":{"line":654,"column":8},"end":{"line":654,"column":49}},"155":{"start":{"line":655,"column":8},"end":{"line":655,"column":30}},"156":{"start":{"line":656,"column":8},"end":{"line":656,"column":46}},"157":{"start":{"line":658,"column":8},"end":{"line":658,"column":26035}},"158":{"start":{"line":659,"column":12},"end":{"line":659,"column":54}},"159":{"start":{"line":660,"column":12},"end":{"line":660,"column":26150}},"160":{"start":{"line":661,"column":16},"end":{"line":661,"column":26190}},"161":{"start":{"line":664,"column":20},"end":{"line":664,"column":26352}},"162":{"start":{"line":677,"column":8},"end":{"line":677,"column":30}}},"branchMap":{"1":{"line":111,"type":"if","locations":[{"start":{"line":111,"column":8},"end":{"line":111,"column":8}},{"start":{"line":111,"column":8},"end":{"line":111,"column":8}}]},"2":{"line":111,"type":"cond-expr","locations":[{"start":{"line":111,"column":16},"end":{"line":111,"column":35}},{"start":{"line":111,"column":40},"end":{"line":111,"column":61}}]},"3":{"line":121,"type":"if","locations":[{"start":{"line":121,"column":61},"end":{"line":121,"column":61}},{"start":{"line":121,"column":61},"end":{"line":121,"column":61}}]},"4":{"line":128,"type":"if","locations":[{"start":{"line":128,"column":56},"end":{"line":128,"column":56}},{"start":{"line":128,"column":56},"end":{"line":128,"column":56}}]},"5":{"line":143,"type":"if","locations":[{"start":{"line":143,"column":15},"end":{"line":143,"column":15}},{"start":{"line":143,"column":15},"end":{"line":143,"column":15}}]},"6":{"line":144,"type":"if","locations":[{"start":{"line":144,"column":8},"end":{"line":144,"column":8}},{"start":{"line":144,"column":8},"end":{"line":144,"column":8}}]},"7":{"line":147,"type":"if","locations":[{"start":{"line":147,"column":8},"end":{"line":147,"column":8}},{"start":{"line":147,"column":8},"end":{"line":147,"column":8}}]},"8":{"line":148,"type":"if","locations":[{"start":{"line":148,"column":12},"end":{"line":148,"column":12}},{"start":{"line":148,"column":12},"end":{"line":148,"column":12}}]},"9":{"line":149,"type":"if","locations":[{"start":{"line":149,"column":12},"end":{"line":149,"column":12}},{"start":{"line":149,"column":12},"end":{"line":149,"column":12}}]},"10":{"line":162,"type":"if","locations":[{"start":{"line":162,"column":50},"end":{"line":162,"column":50}},{"start":{"line":162,"column":50},"end":{"line":162,"column":50}}]},"11":{"line":163,"type":"if","locations":[{"start":{"line":163,"column":8},"end":{"line":163,"column":8}},{"start":{"line":163,"column":8},"end":{"line":163,"column":8}}]},"12":{"line":169,"type":"if","locations":[{"start":{"line":169,"column":49},"end":{"line":169,"column":49}},{"start":{"line":169,"column":49},"end":{"line":169,"column":49}}]},"13":{"line":170,"type":"if","locations":[{"start":{"line":170,"column":8},"end":{"line":170,"column":8}},{"start":{"line":170,"column":8},"end":{"line":170,"column":8}}]},"14":{"line":176,"type":"if","locations":[{"start":{"line":176,"column":45},"end":{"line":176,"column":45}},{"start":{"line":176,"column":45},"end":{"line":176,"column":45}}]},"15":{"line":177,"type":"if","locations":[{"start":{"line":177,"column":8},"end":{"line":177,"column":8}},{"start":{"line":177,"column":8},"end":{"line":177,"column":8}}]},"16":{"line":183,"type":"if","locations":[{"start":{"line":183,"column":53},"end":{"line":183,"column":53}},{"start":{"line":183,"column":53},"end":{"line":183,"column":53}}]},"17":{"line":184,"type":"if","locations":[{"start":{"line":184,"column":8},"end":{"line":184,"column":8}},{"start":{"line":184,"column":8},"end":{"line":184,"column":8}}]},"18":{"line":192,"type":"if","locations":[{"start":{"line":192,"column":61},"end":{"line":192,"column":61}},{"start":{"line":192,"column":61},"end":{"line":192,"column":61}}]},"19":{"line":192,"type":"if","locations":[{"start":{"line":192,"column":74},"end":{"line":192,"column":74}},{"start":{"line":192,"column":74},"end":{"line":192,"column":74}}]},"20":{"line":193,"type":"if","locations":[{"start":{"line":193,"column":8},"end":{"line":193,"column":8}},{"start":{"line":193,"column":8},"end":{"line":193,"column":8}}]},"21":{"line":196,"type":"if","locations":[{"start":{"line":196,"column":8},"end":{"line":196,"column":8}},{"start":{"line":196,"column":8},"end":{"line":196,"column":8}}]},"22":{"line":208,"type":"if","locations":[{"start":{"line":208,"column":8},"end":{"line":208,"column":8}},{"start":{"line":208,"column":8},"end":{"line":208,"column":8}}]},"23":{"line":234,"type":"if","locations":[{"start":{"line":234,"column":8},"end":{"line":234,"column":8}},{"start":{"line":234,"column":8},"end":{"line":234,"column":8}}]},"24":{"line":239,"type":"if","locations":[{"start":{"line":239,"column":8},"end":{"line":239,"column":8}},{"start":{"line":239,"column":8},"end":{"line":239,"column":8}}]},"25":{"line":248,"type":"if","locations":[{"start":{"line":248,"column":8},"end":{"line":248,"column":8}},{"start":{"line":248,"column":8},"end":{"line":248,"column":8}}]},"26":{"line":250,"type":"if","locations":[{"start":{"line":250,"column":12},"end":{"line":250,"column":12}},{"start":{"line":250,"column":12},"end":{"line":250,"column":12}}]},"27":{"line":268,"type":"if","locations":[{"start":{"line":268,"column":46},"end":{"line":268,"column":46}},{"start":{"line":268,"column":46},"end":{"line":268,"column":46}}]},"28":{"line":268,"type":"if","locations":[{"start":{"line":268,"column":59},"end":{"line":268,"column":59}},{"start":{"line":268,"column":59},"end":{"line":268,"column":59}}]},"29":{"line":269,"type":"if","locations":[{"start":{"line":269,"column":8},"end":{"line":269,"column":8}},{"start":{"line":269,"column":8},"end":{"line":269,"column":8}}]},"30":{"line":270,"type":"if","locations":[{"start":{"line":270,"column":8},"end":{"line":270,"column":8}},{"start":{"line":270,"column":8},"end":{"line":270,"column":8}}]},"31":{"line":273,"type":"if","locations":[{"start":{"line":273,"column":8},"end":{"line":273,"column":8}},{"start":{"line":273,"column":8},"end":{"line":273,"column":8}}]},"32":{"line":274,"type":"if","locations":[{"start":{"line":274,"column":8},"end":{"line":274,"column":8}},{"start":{"line":274,"column":8},"end":{"line":274,"column":8}}]},"33":{"line":296,"type":"if","locations":[{"start":{"line":296,"column":74},"end":{"line":296,"column":74}},{"start":{"line":296,"column":74},"end":{"line":296,"column":74}}]},"34":{"line":296,"type":"if","locations":[{"start":{"line":296,"column":87},"end":{"line":296,"column":87}},{"start":{"line":296,"column":87},"end":{"line":296,"column":87}}]},"35":{"line":297,"type":"if","locations":[{"start":{"line":297,"column":8},"end":{"line":297,"column":8}},{"start":{"line":297,"column":8},"end":{"line":297,"column":8}}]},"36":{"line":298,"type":"if","locations":[{"start":{"line":298,"column":8},"end":{"line":298,"column":8}},{"start":{"line":298,"column":8},"end":{"line":298,"column":8}}]},"37":{"line":301,"type":"if","locations":[{"start":{"line":301,"column":8},"end":{"line":301,"column":8}},{"start":{"line":301,"column":8},"end":{"line":301,"column":8}}]},"38":{"line":305,"type":"if","locations":[{"start":{"line":305,"column":8},"end":{"line":305,"column":8}},{"start":{"line":305,"column":8},"end":{"line":305,"column":8}}]},"39":{"line":309,"type":"if","locations":[{"start":{"line":309,"column":8},"end":{"line":309,"column":8}},{"start":{"line":309,"column":8},"end":{"line":309,"column":8}}]},"40":{"line":311,"type":"if","locations":[{"start":{"line":311,"column":8},"end":{"line":311,"column":8}},{"start":{"line":311,"column":8},"end":{"line":311,"column":8}}]},"41":{"line":317,"type":"if","locations":[{"start":{"line":317,"column":8},"end":{"line":317,"column":8}},{"start":{"line":317,"column":8},"end":{"line":317,"column":8}}]},"42":{"line":337,"type":"if","locations":[{"start":{"line":337,"column":48},"end":{"line":337,"column":48}},{"start":{"line":337,"column":48},"end":{"line":337,"column":48}}]},"43":{"line":337,"type":"if","locations":[{"start":{"line":337,"column":61},"end":{"line":337,"column":61}},{"start":{"line":337,"column":61},"end":{"line":337,"column":61}}]},"44":{"line":338,"type":"if","locations":[{"start":{"line":338,"column":8},"end":{"line":338,"column":8}},{"start":{"line":338,"column":8},"end":{"line":338,"column":8}}]},"45":{"line":340,"type":"if","locations":[{"start":{"line":340,"column":8},"end":{"line":340,"column":8}},{"start":{"line":340,"column":8},"end":{"line":340,"column":8}}]},"46":{"line":342,"type":"if","locations":[{"start":{"line":342,"column":8},"end":{"line":342,"column":8}},{"start":{"line":342,"column":8},"end":{"line":342,"column":8}}]},"47":{"line":351,"type":"if","locations":[{"start":{"line":351,"column":8},"end":{"line":351,"column":8}},{"start":{"line":351,"column":8},"end":{"line":351,"column":8}}]},"48":{"line":369,"type":"if","locations":[{"start":{"line":369,"column":56},"end":{"line":369,"column":56}},{"start":{"line":369,"column":56},"end":{"line":369,"column":56}}]},"49":{"line":369,"type":"if","locations":[{"start":{"line":369,"column":66},"end":{"line":369,"column":66}},{"start":{"line":369,"column":66},"end":{"line":369,"column":66}}]},"50":{"line":370,"type":"if","locations":[{"start":{"line":370,"column":8},"end":{"line":370,"column":8}},{"start":{"line":370,"column":8},"end":{"line":370,"column":8}}]},"51":{"line":372,"type":"if","locations":[{"start":{"line":372,"column":8},"end":{"line":372,"column":8}},{"start":{"line":372,"column":8},"end":{"line":372,"column":8}}]},"52":{"line":397,"type":"if","locations":[{"start":{"line":397,"column":74},"end":{"line":397,"column":74}},{"start":{"line":397,"column":74},"end":{"line":397,"column":74}}]},"53":{"line":397,"type":"if","locations":[{"start":{"line":397,"column":87},"end":{"line":397,"column":87}},{"start":{"line":397,"column":87},"end":{"line":397,"column":87}}]},"54":{"line":408,"type":"if","locations":[{"start":{"line":408,"column":85},"end":{"line":408,"column":85}},{"start":{"line":408,"column":85},"end":{"line":408,"column":85}}]},"55":{"line":409,"type":"if","locations":[{"start":{"line":409,"column":8},"end":{"line":409,"column":8}},{"start":{"line":409,"column":8},"end":{"line":409,"column":8}}]},"56":{"line":410,"type":"if","locations":[{"start":{"line":410,"column":8},"end":{"line":410,"column":8}},{"start":{"line":410,"column":8},"end":{"line":410,"column":8}}]},"57":{"line":423,"type":"if","locations":[{"start":{"line":423,"column":49},"end":{"line":423,"column":49}},{"start":{"line":423,"column":49},"end":{"line":423,"column":49}}]},"58":{"line":423,"type":"if","locations":[{"start":{"line":423,"column":62},"end":{"line":423,"column":62}},{"start":{"line":423,"column":62},"end":{"line":423,"column":62}}]},"59":{"line":425,"type":"if","locations":[{"start":{"line":425,"column":8},"end":{"line":425,"column":8}},{"start":{"line":425,"column":8},"end":{"line":425,"column":8}}]},"60":{"line":428,"type":"if","locations":[{"start":{"line":428,"column":8},"end":{"line":428,"column":8}},{"start":{"line":428,"column":8},"end":{"line":428,"column":8}}]},"61":{"line":429,"type":"if","locations":[{"start":{"line":429,"column":8},"end":{"line":429,"column":8}},{"start":{"line":429,"column":8},"end":{"line":429,"column":8}}]},"62":{"line":431,"type":"if","locations":[{"start":{"line":431,"column":8},"end":{"line":431,"column":8}},{"start":{"line":431,"column":8},"end":{"line":431,"column":8}}]},"63":{"line":433,"type":"if","locations":[{"start":{"line":433,"column":8},"end":{"line":433,"column":8}},{"start":{"line":433,"column":8},"end":{"line":433,"column":8}}]},"64":{"line":435,"type":"if","locations":[{"start":{"line":435,"column":8},"end":{"line":435,"column":8}},{"start":{"line":435,"column":8},"end":{"line":435,"column":8}}]},"65":{"line":443,"type":"if","locations":[{"start":{"line":443,"column":8},"end":{"line":443,"column":8}},{"start":{"line":443,"column":8},"end":{"line":443,"column":8}}]},"66":{"line":450,"type":"if","locations":[{"start":{"line":450,"column":30},"end":{"line":450,"column":30}},{"start":{"line":450,"column":30},"end":{"line":450,"column":30}}]},"67":{"line":455,"type":"if","locations":[{"start":{"line":455,"column":32},"end":{"line":455,"column":32}},{"start":{"line":455,"column":32},"end":{"line":455,"column":32}}]},"68":{"line":462,"type":"if","locations":[{"start":{"line":462,"column":55},"end":{"line":462,"column":55}},{"start":{"line":462,"column":55},"end":{"line":462,"column":55}}]},"69":{"line":463,"type":"if","locations":[{"start":{"line":463,"column":8},"end":{"line":463,"column":8}},{"start":{"line":463,"column":8},"end":{"line":463,"column":8}}]},"70":{"line":464,"type":"if","locations":[{"start":{"line":464,"column":8},"end":{"line":464,"column":8}},{"start":{"line":464,"column":8},"end":{"line":464,"column":8}}]},"71":{"line":467,"type":"if","locations":[{"start":{"line":467,"column":8},"end":{"line":467,"column":8}},{"start":{"line":467,"column":8},"end":{"line":467,"column":8}}]},"72":{"line":479,"type":"if","locations":[{"start":{"line":479,"column":8},"end":{"line":479,"column":8}},{"start":{"line":479,"column":8},"end":{"line":479,"column":8}}]},"73":{"line":498,"type":"if","locations":[{"start":{"line":498,"column":12},"end":{"line":498,"column":12}},{"start":{"line":498,"column":12},"end":{"line":498,"column":12}}]},"74":{"line":537,"type":"if","locations":[{"start":{"line":537,"column":12},"end":{"line":537,"column":12}},{"start":{"line":537,"column":12},"end":{"line":537,"column":12}}]},"75":{"line":539,"type":"if","locations":[{"start":{"line":539,"column":16},"end":{"line":539,"column":16}},{"start":{"line":539,"column":16},"end":{"line":539,"column":16}}]},"76":{"line":563,"type":"if","locations":[{"start":{"line":563,"column":12},"end":{"line":563,"column":12}},{"start":{"line":563,"column":12},"end":{"line":563,"column":12}}]},"77":{"line":589,"type":"if","locations":[{"start":{"line":589,"column":8},"end":{"line":589,"column":8}},{"start":{"line":589,"column":8},"end":{"line":589,"column":8}}]},"78":{"line":660,"type":"if","locations":[{"start":{"line":660,"column":12},"end":{"line":660,"column":12}},{"start":{"line":660,"column":12},"end":{"line":660,"column":12}}]},"79":{"line":661,"type":"if","locations":[{"start":{"line":661,"column":16},"end":{"line":661,"column":16}},{"start":{"line":661,"column":16},"end":{"line":661,"column":16}}]},"80":{"line":664,"type":"if","locations":[{"start":{"line":664,"column":20},"end":{"line":664,"column":20}},{"start":{"line":664,"column":20},"end":{"line":664,"column":20}}]},"81":{"line":664,"type":"cond-expr","locations":[{"start":{"line":664,"column":24},"end":{"line":664,"column":38}},{"start":{"line":664,"column":43},"end":{"line":664,"column":66}}]}}}}
