TN:
SF:D:\Projects\Sagitta\SAGProtocol\contracts\GoldOracle.sol
FN:9,constructor
FN:13,setGoldPrice
FN:18,getGoldPrice
FNF:3
FNH:2
FNDA:1,constructor
FNDA:0,setGoldPrice
FNDA:2,getGoldPrice
DA:10,1
DA:14,0
DA:15,0
DA:19,2
LF:4
LH:2
BRF:0
BRH:0
end_of_record
TN:
SF:D:\Projects\Sagitta\SAGProtocol\contracts\interfaces\IERC20.sol
FNF:0
FNH:0
LF:0
LH:0
BRF:0
BRH:0
end_of_record
TN:
SF:D:\Projects\Sagitta\SAGProtocol\contracts\interfaces\IPriceOracle.sol
FNF:0
FNH:0
LF:0
LH:0
BRF:0
BRH:0
end_of_record
TN:
SF:D:\Projects\Sagitta\SAGProtocol\contracts\interfaces\ITreasury.sol
FNF:0
FNH:0
LF:0
LH:0
BRF:0
BRH:0
end_of_record
TN:
SF:D:\Projects\Sagitta\SAGProtocol\contracts\InvestmentEscrow.sol
FN:84,setAllowMarkInvestedWithoutBurn
FN:91,setAllowPublicMarkInvested
FN:96,constructor
FN:119,setVault
FN:124,setKeeper
FN:129,onlyVaultOrTreasury
FN:134,onlyKeeperOrOwner
FN:140,registerDeposit
FN:150,registerDepositTo
FN:177,createPendingBatch
FN:197,setCurrentPendingBatch
FN:205,rollToNewBatch
FN:240,rollBatch
FN:256,closeBatch
FN:288,depositReturnForBatch
FN:331,distributeBatch
FN:388,investBatch
FN:451,investBatchIfFunded
FN:509,adminBurnBatch
FN:558,distributeBatchBurn
FN:572,setBatchInvested
FN:583,forceSetBatchInvested
FN:592,markBatchInvestedWithoutTransfer
FN:619,publicBurnBatch
FN:653,getBatch
FNF:25
FNH:21
FNDA:0,setAllowMarkInvestedWithoutBurn
FNDA:1,setAllowPublicMarkInvested
FNDA:1,constructor
FNDA:1,setVault
FNDA:1,setKeeper
FNDA:7,onlyVaultOrTreasury
FNDA:18,onlyKeeperOrOwner
FNDA:1,registerDeposit
FNDA:6,registerDepositTo
FNDA:6,createPendingBatch
FNDA:0,setCurrentPendingBatch
FNDA:1,rollToNewBatch
FNDA:6,rollBatch
FNDA:2,closeBatch
FNDA:2,depositReturnForBatch
FNDA:1,distributeBatch
FNDA:1,investBatch
FNDA:0,investBatchIfFunded
FNDA:1,adminBurnBatch
FNDA:0,distributeBatchBurn
FNDA:1,setBatchInvested
FNDA:1,forceSetBatchInvested
FNDA:1,markBatchInvestedWithoutTransfer
FNDA:1,publicBurnBatch
FNDA:1,getBatch
DA:85,0
DA:92,1
DA:97,1
DA:98,1
DA:99,1
DA:102,1
DA:103,1
DA:104,1
DA:114,1
DA:115,1
DA:120,1
DA:121,1
DA:125,1
DA:130,7
DA:131,7
DA:135,18
DA:136,18
DA:141,1
DA:142,1
DA:143,1
DA:144,1
DA:145,1
DA:146,1
DA:152,6
DA:153,0
DA:164,0
DA:165,0
DA:168,6
DA:169,6
DA:170,6
DA:171,6
DA:172,6
DA:173,6
DA:180,6
DA:181,6
DA:182,6
DA:192,6
DA:193,6
DA:198,0
DA:199,0
DA:200,0
DA:206,1
DA:209,1
DA:210,0
DA:211,0
DA:215,1
DA:216,1
DA:218,1
DA:219,1
DA:220,1
DA:223,1
DA:224,1
DA:234,1
DA:235,1
DA:236,1
DA:241,6
DA:242,6
DA:243,6
DA:244,6
DA:246,6
DA:247,6
DA:248,6
DA:249,6
DA:250,6
DA:251,6
DA:257,2
DA:258,2
DA:260,2
DA:261,2
DA:262,2
DA:264,2
DA:266,2
DA:267,2
DA:269,2
DA:270,2
DA:272,2
DA:275,2
DA:278,2
DA:281,2
DA:283,2
DA:289,2
DA:290,2
DA:293,2
DA:298,2
DA:299,2
DA:303,2
DA:304,2
DA:305,2
DA:308,2
DA:309,2
DA:310,0
DA:312,2
DA:315,2
DA:317,2
DA:318,2
DA:321,2
DA:324,2
DA:332,1
DA:333,1
DA:334,1
DA:335,1
DA:336,1
DA:338,1
DA:339,1
DA:341,1
DA:342,1
DA:344,1
DA:347,1
DA:357,1
DA:358,1
DA:359,1
DA:363,1
DA:364,1
DA:368,0
DA:369,0
DA:370,0
DA:373,0
DA:378,0
DA:382,1
DA:383,1
DA:384,1
DA:389,1
DA:390,1
DA:391,1
DA:392,1
DA:394,1
DA:395,1
DA:397,1
DA:398,1
DA:401,1
DA:403,1
DA:405,1
DA:406,1
DA:408,0
DA:409,0
DA:410,0
DA:411,0
DA:412,0
DA:413,0
DA:415,0
DA:418,1
DA:420,1
DA:421,1
DA:422,1
DA:423,0
DA:424,0
DA:425,0
DA:426,0
DA:427,0
DA:428,0
DA:430,0
DA:433,0
DA:434,0
DA:435,0
DA:436,0
DA:437,0
DA:438,0
DA:440,0
DA:444,1
DA:445,1
DA:446,1
DA:452,0
DA:453,0
DA:454,0
DA:455,0
DA:457,0
DA:458,0
DA:460,0
DA:461,0
DA:463,0
DA:465,0
DA:466,0
DA:467,0
DA:468,0
DA:469,0
DA:470,0
DA:471,0
DA:472,0
DA:473,0
DA:475,0
DA:477,0
DA:478,0
DA:479,0
DA:480,0
DA:481,0
DA:482,0
DA:483,0
DA:484,0
DA:485,0
DA:486,0
DA:488,0
DA:491,0
DA:492,0
DA:493,0
DA:494,0
DA:495,0
DA:496,0
DA:498,0
DA:502,0
DA:503,0
DA:504,0
DA:510,1
DA:511,1
DA:512,1
DA:513,1
DA:515,1
DA:516,1
DA:517,1
DA:518,1
DA:520,1
DA:522,1
DA:523,1
DA:524,1
DA:526,0
DA:527,0
DA:528,0
DA:529,0
DA:530,0
DA:531,0
DA:532,0
DA:534,0
DA:536,1
DA:537,1
DA:538,1
DA:539,0
DA:540,0
DA:541,0
DA:542,0
DA:543,0
DA:544,0
DA:545,0
DA:547,0
DA:551,1
DA:552,1
DA:553,1
DA:554,1
DA:560,0
DA:561,0
DA:562,0
DA:563,0
DA:564,0
DA:567,0
DA:573,1
DA:574,1
DA:575,1
DA:576,1
DA:578,1
DA:584,1
DA:585,1
DA:586,1
DA:587,1
DA:593,1
DA:594,1
DA:595,1
DA:596,1
DA:598,1
DA:599,1
DA:601,1
DA:602,1
DA:605,1
DA:606,0
DA:610,1
DA:611,1
DA:613,1
DA:614,1
DA:620,1
DA:621,1
DA:622,1
DA:623,1
DA:625,1
DA:626,1
DA:628,1
DA:629,1
DA:631,1
DA:633,1
DA:634,1
DA:635,1
DA:636,0
DA:638,1
DA:639,1
DA:640,1
DA:641,1
DA:643,0
DA:647,1
DA:648,1
DA:649,1
DA:654,1
LF:287
LH:186
BRDA:84,1,0,0
BRDA:84,1,1,0
BRDA:91,2,0,1
BRDA:91,2,1,0
BRDA:97,3,0,1
BRDA:97,3,1,0
BRDA:119,4,0,1
BRDA:119,4,1,0
BRDA:120,5,0,1
BRDA:120,5,1,0
BRDA:124,6,0,1
BRDA:124,6,1,0
BRDA:130,7,0,7
BRDA:130,7,1,0
BRDA:130,8,0,7
BRDA:130,8,1,0
BRDA:135,9,0,18
BRDA:135,9,1,0
BRDA:135,10,0,14
BRDA:135,10,1,4
BRDA:140,11,0,1
BRDA:140,11,1,0
BRDA:142,12,0,1
BRDA:142,12,1,0
BRDA:150,13,0,6
BRDA:150,13,1,0
BRDA:152,14,0,0
BRDA:152,14,1,6
BRDA:164,15,0,0
BRDA:164,15,1,0
BRDA:169,16,0,6
BRDA:169,16,1,0
BRDA:177,17,0,6
BRDA:177,17,1,0
BRDA:197,18,0,0
BRDA:197,18,1,0
BRDA:198,19,0,0
BRDA:198,19,1,0
BRDA:199,20,0,0
BRDA:199,20,1,0
BRDA:205,21,0,1
BRDA:205,21,1,0
BRDA:209,22,0,0
BRDA:209,22,1,1
BRDA:240,23,0,6
BRDA:240,23,1,0
BRDA:242,24,0,6
BRDA:242,24,1,0
BRDA:243,25,0,6
BRDA:243,25,1,0
BRDA:244,26,0,6
BRDA:244,26,1,0
BRDA:258,27,0,2
BRDA:258,27,1,0
BRDA:267,28,0,0
BRDA:267,28,1,2
BRDA:275,29,0,2
BRDA:275,29,1,0
BRDA:288,30,0,2
BRDA:288,30,1,0
BRDA:289,31,0,2
BRDA:289,31,1,0
BRDA:293,32,0,2
BRDA:293,32,1,0
BRDA:294,33,0,0
BRDA:294,33,1,2
BRDA:298,34,0,2
BRDA:298,34,1,0
BRDA:305,35,0,2
BRDA:305,35,1,0
BRDA:315,36,0,2
BRDA:315,36,1,0
BRDA:318,37,0,2
BRDA:318,37,1,0
BRDA:331,38,0,1
BRDA:331,38,1,0
BRDA:332,39,0,1
BRDA:332,39,1,0
BRDA:334,40,0,1
BRDA:334,40,1,0
BRDA:335,41,0,1
BRDA:335,41,1,0
BRDA:336,42,0,1
BRDA:336,42,1,0
BRDA:344,43,0,0
BRDA:344,43,1,1
BRDA:357,44,0,0
BRDA:357,44,1,1
BRDA:359,45,0,0
BRDA:359,45,1,1
BRDA:369,46,0,0
BRDA:369,46,1,0
BRDA:388,47,0,1
BRDA:388,47,1,0
BRDA:389,48,0,1
BRDA:389,48,1,0
BRDA:391,49,0,1
BRDA:391,49,1,0
BRDA:392,50,0,1
BRDA:392,50,1,0
BRDA:395,51,0,1
BRDA:395,51,1,0
BRDA:398,52,0,1
BRDA:398,52,1,0
BRDA:406,53,0,0
BRDA:406,53,1,1
BRDA:408,54,0,0
BRDA:408,54,1,0
BRDA:418,55,0,1
BRDA:418,55,1,0
BRDA:420,56,0,1
BRDA:420,56,1,0
BRDA:422,57,0,0
BRDA:422,57,1,1
BRDA:423,58,0,0
BRDA:423,58,1,0
BRDA:433,59,0,0
BRDA:433,59,1,0
BRDA:452,60,0,0
BRDA:452,60,1,0
BRDA:454,61,0,0
BRDA:454,61,1,0
BRDA:455,62,0,0
BRDA:455,62,1,0
BRDA:458,63,0,0
BRDA:458,63,1,0
BRDA:461,64,0,0
BRDA:461,64,1,0
BRDA:467,65,0,0
BRDA:467,65,1,0
BRDA:468,66,0,0
BRDA:468,66,1,0
BRDA:477,67,0,0
BRDA:477,67,1,0
BRDA:478,68,0,0
BRDA:478,68,1,0
BRDA:480,69,0,0
BRDA:480,69,1,0
BRDA:481,70,0,0
BRDA:481,70,1,0
BRDA:491,71,0,0
BRDA:491,71,1,0
BRDA:509,72,0,1
BRDA:509,72,1,0
BRDA:510,73,0,1
BRDA:510,73,1,0
BRDA:512,74,0,1
BRDA:512,74,1,0
BRDA:513,75,0,1
BRDA:513,75,1,0
BRDA:516,76,0,1
BRDA:516,76,1,0
BRDA:518,77,0,1
BRDA:518,77,1,0
BRDA:524,78,0,0
BRDA:524,78,1,1
BRDA:526,79,0,0
BRDA:526,79,1,0
BRDA:536,80,0,1
BRDA:536,80,1,0
BRDA:538,81,0,0
BRDA:538,81,1,1
BRDA:539,82,0,0
BRDA:539,82,1,0
BRDA:558,83,0,0
BRDA:558,83,1,0
BRDA:560,84,0,0
BRDA:560,84,1,0
BRDA:562,85,0,0
BRDA:562,85,1,0
BRDA:572,86,0,1
BRDA:572,86,1,0
BRDA:573,87,0,1
BRDA:573,87,1,0
BRDA:575,88,0,1
BRDA:575,88,1,0
BRDA:583,89,0,1
BRDA:583,89,1,0
BRDA:584,90,0,1
BRDA:584,90,1,0
BRDA:593,91,0,1
BRDA:593,91,1,0
BRDA:595,92,0,1
BRDA:595,92,1,0
BRDA:596,93,0,1
BRDA:596,93,1,0
BRDA:599,94,0,1
BRDA:599,94,1,0
BRDA:602,95,0,1
BRDA:602,95,1,0
BRDA:605,96,0,0
BRDA:605,96,1,1
BRDA:620,97,0,1
BRDA:620,97,1,0
BRDA:622,98,0,1
BRDA:622,98,1,0
BRDA:623,99,0,1
BRDA:623,99,1,0
BRDA:626,100,0,1
BRDA:626,100,1,0
BRDA:629,101,0,1
BRDA:629,101,1,0
BRDA:635,102,0,0
BRDA:635,102,1,1
BRDA:638,103,0,1
BRDA:638,103,1,0
BRDA:639,104,0,1
BRDA:639,104,1,0
BRDA:641,105,0,1
BRDA:641,105,1,0
BRF:210
BRH:80
end_of_record
TN:
SF:D:\Projects\Sagitta\SAGProtocol\contracts\MockAmmPair.sol
FN:22,constructor
FN:29,token0
FN:33,token1
FN:38,addLiquidity
FN:50,getReserves
FN:58,swapExactTokensForTokens
FN:119,sync
FNF:7
FNH:4
FNDA:1,constructor
FNDA:0,token0
FNDA:0,token1
FNDA:1,addLiquidity
FNDA:1,getReserves
FNDA:2,swapExactTokensForTokens
FNDA:0,sync
DA:23,1
DA:24,1
DA:25,1
DA:30,0
DA:34,0
DA:39,1
DA:40,1
DA:41,1
DA:42,1
DA:43,1
DA:44,1
DA:53,1
DA:64,2
DA:65,2
DA:68,2
DA:69,2
DA:70,2
DA:71,2
DA:75,2
DA:76,2
DA:78,2
DA:79,1
DA:80,1
DA:83,1
DA:86,1
DA:87,1
DA:91,0
DA:92,0
DA:94,0
DA:99,2
DA:102,2
DA:103,2
DA:104,2
DA:106,2
DA:109,2
DA:112,2
DA:113,2
DA:115,2
DA:120,0
DA:121,0
LF:40
LH:33
BRDA:23,1,0,1
BRDA:23,1,1,0
BRDA:39,2,0,1
BRDA:39,2,1,0
BRDA:64,3,0,2
BRDA:64,3,1,0
BRDA:65,4,0,2
BRDA:65,4,1,0
BRDA:65,5,0,2
BRDA:65,5,1,0
BRDA:69,6,0,2
BRDA:69,6,1,0
BRDA:70,7,0,2
BRDA:70,7,1,0
BRDA:71,8,0,2
BRDA:71,8,1,0
BRDA:79,9,0,1
BRDA:79,9,1,0
BRDA:86,10,0,1
BRDA:86,10,1,0
BRDA:91,11,0,0
BRDA:91,11,1,0
BRDA:99,12,0,2
BRDA:99,12,1,0
BRDA:106,13,0,2
BRDA:106,13,1,0
BRF:26
BRH:12
end_of_record
TN:
SF:D:\Projects\Sagitta\SAGProtocol\contracts\MockDOT.sol
FN:9,constructor
FN:13,decimals
FN:20,mint
FN:26,mintTo
FNF:4
FNH:3
FNDA:1,constructor
FNDA:1,decimals
FNDA:2,mint
FNDA:0,mintTo
DA:10,1
DA:14,1
DA:21,2
DA:27,0
LF:4
LH:3
BRF:0
BRH:0
end_of_record
TN:
SF:D:\Projects\Sagitta\SAGProtocol\contracts\MockGOLD.sol
FN:8,constructor
FN:11,mint
FN:16,faucetMint
FNF:3
FNH:2
FNDA:1,constructor
FNDA:0,mint
FNDA:3,faucetMint
DA:12,0
DA:17,3
LF:2
LH:1
BRDA:11,1,0,0
BRDA:11,1,1,1
BRF:2
BRH:1
end_of_record
TN:
SF:D:\Projects\Sagitta\SAGProtocol\contracts\MockOracle.sol
FN:7,setPrice
FN:13,getSagPriceUsd
FN:17,getGoldPriceUsd
FN:21,getPrice
FN:27,getSagPrice
FN:31,getGoldPrice
FNF:6
FNH:2
FNDA:1,setPrice
FNDA:0,getSagPriceUsd
FNDA:0,getGoldPriceUsd
FNDA:0,getPrice
FNDA:1,getSagPrice
FNDA:0,getGoldPrice
DA:8,1
DA:14,0
DA:18,0
DA:22,0
DA:28,1
DA:32,0
LF:6
LH:2
BRF:0
BRH:0
end_of_record
TN:
SF:D:\Projects\Sagitta\SAGProtocol\contracts\mocks\ERC20Mock.sol
FN:13,constructor
FN:17,decimals
FN:21,mint
FN:25,burn
FNF:4
FNH:0
FNDA:0,constructor
FNDA:0,decimals
FNDA:0,mint
FNDA:0,burn
DA:14,0
DA:18,0
DA:22,0
DA:26,0
LF:4
LH:0
BRF:0
BRH:0
end_of_record
TN:
SF:D:\Projects\Sagitta\SAGProtocol\contracts\mocks\OracleMock.sol
FN:7,constructor
FN:11,getPrice
FN:15,setPrice
FNF:3
FNH:0
FNDA:0,constructor
FNDA:0,getPrice
FNDA:0,setPrice
DA:8,0
DA:12,0
DA:16,0
LF:3
LH:0
BRF:0
BRH:0
end_of_record
TN:
SF:D:\Projects\Sagitta\SAGProtocol\contracts\mocks\SAGTokenStub.sol
FN:14,constructor
FN:16,mint
FN:22,faucetMint
FN:26,burn
FN:33,transfer
FNF:5
FNH:5
FNDA:1,constructor
FNDA:1,mint
FNDA:1,faucetMint
FNDA:1,burn
FNDA:1,transfer
DA:17,1
DA:18,1
DA:19,1
DA:23,1
DA:27,1
DA:28,1
DA:29,1
DA:30,1
DA:34,1
DA:35,1
DA:36,1
DA:37,1
DA:38,1
DA:39,1
LF:14
LH:14
BRDA:27,1,0,1
BRDA:27,1,1,0
BRDA:35,2,0,1
BRDA:35,2,1,0
BRF:4
BRH:2
end_of_record
TN:
SF:D:\Projects\Sagitta\SAGProtocol\contracts\mocks\TestTreasury.sol
FN:20,constructor
FN:25,approveToken
FN:30,fundEscrowBatch
FN:44,reportBatchResult
FNF:4
FNH:4
FNDA:1,constructor
FNDA:1,approveToken
FNDA:7,fundEscrowBatch
FNDA:2,reportBatchResult
DA:21,1
DA:26,1
DA:31,7
DA:32,7
DA:35,7
DA:37,7
DA:40,7
DA:45,2
DA:46,2
DA:47,2
DA:48,2
DA:49,2
DA:50,2
LF:13
LH:13
BRDA:37,1,0,0
BRDA:37,1,1,7
BRF:2
BRH:1
end_of_record
TN:
SF:D:\Projects\Sagitta\SAGProtocol\contracts\mocks\TestVault.sol
FN:25,setDeposit
FN:39,depositInfo
FN:57,forwardRegisterDeposit
FN:62,forwardRegisterDepositTo
FNF:4
FNH:4
FNDA:6,setDeposit
FNDA:1,depositInfo
FNDA:1,forwardRegisterDeposit
FNDA:6,forwardRegisterDepositTo
DA:36,6
DA:49,1
DA:50,1
DA:58,1
DA:63,6
LF:5
LH:5
BRF:0
BRH:0
end_of_record
TN:
SF:D:\Projects\Sagitta\SAGProtocol\contracts\mocks\TreasuryPayMock.sol
FN:15,constructor
FN:20,canAdmit
FN:23,setAdmit
FN:26,payOut
FN:33,payOutUsd6
FN:38,
FNF:6
FNH:0
FNDA:0,constructor
FNDA:0,canAdmit
FNDA:0,setAdmit
FNDA:0,payOut
FNDA:0,payOutUsd6
FNDA:0,
DA:16,0
DA:21,0
DA:27,0
DA:28,0
DA:29,0
DA:34,0
LF:6
LH:0
BRDA:27,1,0,0
BRDA:27,1,1,0
BRDA:28,2,0,0
BRDA:28,2,1,0
BRF:4
BRH:0
end_of_record
TN:
SF:D:\Projects\Sagitta\SAGProtocol\contracts\mocks\TreasuryStub.sol
FN:18,constructor
FN:21,fundEscrowBatch
FN:28,reportBatchResult
FN:38,poke
FNF:4
FNH:4
FNDA:1,constructor
FNDA:1,fundEscrowBatch
FNDA:1,reportBatchResult
FNDA:1,poke
DA:22,1
DA:23,1
DA:24,1
DA:29,1
DA:30,1
DA:31,1
DA:32,1
DA:33,1
DA:34,1
DA:39,1
LF:10
LH:10
BRF:0
BRH:0
end_of_record
TN:
SF:D:\Projects\Sagitta\SAGProtocol\contracts\mocks\VaultStub.sol
FN:19,constructor
FN:22,setDeposit
FN:37,depositInfo
FNF:3
FNH:3
FNDA:1,constructor
FNDA:1,setDeposit
FNDA:1,depositInfo
DA:33,1
DA:47,1
DA:48,1
LF:3
LH:3
BRF:0
BRH:0
end_of_record
TN:
SF:D:\Projects\Sagitta\SAGProtocol\contracts\MockUSDC.sol
FN:7,constructor
FN:9,faucetMint
FN:13,decimals
FN:18,mint
FNF:4
FNH:4
FNDA:1,constructor
FNDA:5,faucetMint
FNDA:1,decimals
FNDA:14,mint
DA:10,5
DA:14,1
DA:19,14
LF:3
LH:3
BRF:0
BRH:0
end_of_record
TN:
SF:D:\Projects\Sagitta\SAGProtocol\contracts\PriceOracleRouter.sol
FN:16,constructor
FN:21,getSagPriceUsd
FN:25,getGoldPriceUsd
FNF:3
FNH:3
FNDA:1,constructor
FNDA:1,getSagPriceUsd
FNDA:1,getGoldPriceUsd
DA:17,1
DA:18,1
DA:22,1
DA:26,1
LF:4
LH:4
BRF:0
BRH:0
end_of_record
TN:
SF:D:\Projects\Sagitta\SAGProtocol\contracts\ReserveController.sol
FN:27,constructor
FN:33,setTreasury
FN:39,setGoldOracle
FN:44,manageReserve
FN:56,setReserveRatio
FN:62,getReserveRatio
FN:66,addReserves
FN:71,totalReserves
FN:77,navReserveUsd
FN:90,coverageRatio
FNF:10
FNH:3
FNDA:1,constructor
FNDA:1,setTreasury
FNDA:0,setGoldOracle
FNDA:2,manageReserve
FNDA:0,setReserveRatio
FNDA:0,getReserveRatio
FNDA:0,addReserves
FNDA:0,totalReserves
FNDA:0,navReserveUsd
FNDA:0,coverageRatio
DA:28,1
DA:29,1
DA:30,1
DA:34,1
DA:35,1
DA:40,0
DA:41,0
DA:45,2
DA:46,1
DA:47,1
DA:48,1
DA:50,1
DA:51,1
DA:52,1
DA:57,0
DA:58,0
DA:59,0
DA:63,0
DA:67,0
DA:68,0
DA:72,0
DA:78,0
DA:80,0
DA:81,0
DA:82,0
DA:85,0
DA:92,0
LF:27
LH:12
BRDA:33,1,0,1
BRDA:33,1,1,0
BRDA:34,2,0,1
BRDA:34,2,1,0
BRDA:39,3,0,0
BRDA:39,3,1,0
BRDA:40,4,0,0
BRDA:40,4,1,0
BRDA:44,5,0,2
BRDA:44,5,1,0
BRDA:45,6,0,1
BRDA:45,6,1,1
BRDA:47,7,0,1
BRDA:47,7,1,0
BRDA:49,8,0,1
BRDA:49,8,1,0
BRDA:51,9,0,1
BRDA:51,9,1,0
BRDA:56,10,0,0
BRDA:56,10,1,0
BRDA:57,11,0,0
BRDA:57,11,1,0
BRDA:66,12,0,0
BRDA:66,12,1,0
BRDA:81,13,0,0
BRDA:81,13,1,0
BRF:26
BRH:8
end_of_record
TN:
SF:D:\Projects\Sagitta\SAGProtocol\contracts\SagittaVaultReceipt.sol
FN:23,constructor
FN:29,onlyMinterOrOwner
FN:34,setMinter
FN:41,mint
FN:47,burn
FN:53,setBatch
FN:65,setTokenBatch
FN:70,setReceiptBatch
FN:76,updateMetadata
FN:87,tokenMetadata
FNF:10
FNH:10
FNDA:1,constructor
FNDA:22,onlyMinterOrOwner
FNDA:1,setMinter
FNDA:1,mint
FNDA:1,burn
FNDA:3,setBatch
FNDA:1,setTokenBatch
FNDA:1,setReceiptBatch
FNDA:1,updateMetadata
FNDA:1,tokenMetadata
DA:30,18
DA:31,8
DA:35,1
DA:36,1
DA:37,1
DA:43,1
DA:48,1
DA:55,3
DA:58,0
DA:60,3
DA:61,3
DA:66,1
DA:71,1
DA:77,1
DA:80,0
DA:82,1
DA:83,1
DA:89,1
DA:90,1
DA:92,0
LF:20
LH:17
BRDA:30,1,0,10
BRDA:30,1,1,0
BRDA:30,2,0,0
BRDA:30,2,1,8
BRDA:34,3,0,1
BRDA:34,3,1,0
BRDA:35,4,0,1
BRDA:35,4,1,0
BRDA:41,5,0,1
BRDA:41,5,1,0
BRDA:47,6,0,1
BRDA:47,6,1,0
BRDA:53,7,0,3
BRDA:53,7,1,0
BRDA:65,8,0,1
BRDA:65,8,1,0
BRDA:70,9,0,1
BRDA:70,9,1,0
BRDA:76,10,0,1
BRDA:76,10,1,0
BRF:20
BRH:10
end_of_record
TN:
SF:D:\Projects\Sagitta\SAGProtocol\contracts\SAGToken.sol
FN:15,constructor
FN:18,setTreasury
FN:25,mint
FN:32,burn
FN:39,faucetMint
FNF:5
FNH:0
FNDA:0,constructor
FNDA:0,setTreasury
FNDA:0,mint
FNDA:0,burn
FNDA:0,faucetMint
DA:19,0
DA:20,0
DA:21,0
DA:26,0
DA:27,0
DA:28,0
DA:33,0
DA:34,0
DA:35,0
DA:40,0
LF:10
LH:0
BRDA:18,1,0,0
BRDA:18,1,1,0
BRDA:19,2,0,0
BRDA:19,2,1,0
BRDA:25,3,0,0
BRDA:25,3,1,0
BRDA:26,4,0,0
BRDA:26,4,1,0
BRDA:27,5,0,0
BRDA:27,5,1,0
BRDA:32,6,0,0
BRDA:32,6,1,0
BRDA:33,7,0,0
BRDA:33,7,1,0
BRDA:34,8,0,0
BRDA:34,8,1,0
BRF:16
BRH:0
end_of_record
TN:
SF:D:\Projects\Sagitta\SAGProtocol\contracts\Treasury.sol
FN:85,setSlippageBps
FN:108,onlyVault
FN:114,onlyVaultOrOwner
FN:120,onlyEscrow
FN:132,constructor
FN:141,setVault
FN:146,setReserveAddress
FN:151,setPriceOracle
FN:157,setSagOracle
FN:162,setGoldOracle
FN:168,setAmmPair
FN:173,setEscrow
FN:178,setAllowAutoMintCollateralize
FN:184,getTreasuryValueUsd
FN:194,getReserveValueUsd
FN:203,getSafeBackingUsd
FN:207,getTargetReserveUsd
FN:211,getCoverageRatio
FN:218,canAdmit
FN:225,collateralize
FN:233,collateralizeForReceipt
FN:247,adminCollateralize
FN:252,_doCollateralize
FN:269,_ensureUsdc
FN:284,_performAmmSwap
FN:350,_doSwapAttempt
FN:395,_finalizeCollateralize
FN:416,_probeAmm
FN:441,_attemptSwap
FN:489,rebalanceReserve
FN:532,_buyGoldWithUsdc
FN:561,_sellGoldForUsdc
FN:573,fundEscrowBatch
FN:587,reportBatchResult
FN:612,reportBatchResult
FN:687,_distributeUserProfit
FNF:36
FNH:0
FNDA:0,setSlippageBps
FNDA:0,onlyVault
FNDA:0,onlyVaultOrOwner
FNDA:0,onlyEscrow
FNDA:0,constructor
FNDA:0,setVault
FNDA:0,setReserveAddress
FNDA:0,setPriceOracle
FNDA:0,setSagOracle
FNDA:0,setGoldOracle
FNDA:0,setAmmPair
FNDA:0,setEscrow
FNDA:0,setAllowAutoMintCollateralize
FNDA:0,getTreasuryValueUsd
FNDA:0,getReserveValueUsd
FNDA:0,getSafeBackingUsd
FNDA:0,getTargetReserveUsd
FNDA:0,getCoverageRatio
FNDA:0,canAdmit
FNDA:0,collateralize
FNDA:0,collateralizeForReceipt
FNDA:0,adminCollateralize
FNDA:0,_doCollateralize
FNDA:0,_ensureUsdc
FNDA:0,_performAmmSwap
FNDA:0,_doSwapAttempt
FNDA:0,_finalizeCollateralize
FNDA:0,_probeAmm
FNDA:0,_attemptSwap
FNDA:0,rebalanceReserve
FNDA:0,_buyGoldWithUsdc
FNDA:0,_sellGoldForUsdc
FNDA:0,fundEscrowBatch
FNDA:0,reportBatchResult
FNDA:0,reportBatchResult
FNDA:0,_distributeUserProfit
DA:86,0
DA:87,0
DA:88,0
DA:109,0
DA:110,0
DA:115,0
DA:116,0
DA:121,0
DA:122,0
DA:133,0
DA:134,0
DA:135,0
DA:136,0
DA:137,0
DA:138,0
DA:142,0
DA:143,0
DA:147,0
DA:148,0
DA:152,0
DA:153,0
DA:158,0
DA:159,0
DA:163,0
DA:164,0
DA:169,0
DA:174,0
DA:175,0
DA:179,0
DA:185,0
DA:186,0
DA:187,0
DA:188,0
DA:190,0
DA:191,0
DA:195,0
DA:196,0
DA:197,0
DA:198,0
DA:199,0
DA:204,0
DA:208,0
DA:212,0
DA:213,0
DA:214,0
DA:215,0
DA:220,0
DA:226,0
DA:235,0
DA:236,0
DA:239,0
DA:241,0
DA:248,0
DA:253,0
DA:256,0
DA:257,0
DA:259,0
DA:260,0
DA:264,0
DA:265,0
DA:270,0
DA:271,0
DA:272,0
DA:273,0
DA:275,0
DA:276,0
DA:277,0
DA:280,0
DA:285,0
DA:286,0
DA:287,0
DA:288,0
DA:289,0
DA:290,0
DA:291,0
DA:292,0
DA:293,0
DA:295,0
DA:297,0
DA:299,0
DA:302,0
DA:303,0
DA:304,0
DA:305,0
DA:306,0
DA:307,0
DA:311,0
DA:312,0
DA:313,0
DA:314,0
DA:317,0
DA:318,0
DA:319,0
DA:320,0
DA:321,0
DA:324,0
DA:325,0
DA:326,0
DA:327,0
DA:330,0
DA:331,0
DA:332,0
DA:333,0
DA:335,0
DA:336,0
DA:338,0
DA:340,0
DA:341,0
DA:343,0
DA:344,0
DA:351,0
DA:353,0
DA:354,0
DA:355,0
DA:356,0
DA:357,0
DA:361,0
DA:362,0
DA:366,0
DA:367,0
DA:371,0
DA:372,0
DA:376,0
DA:377,0
DA:378,0
DA:379,0
DA:383,0
DA:384,0
DA:385,0
DA:386,0
DA:387,0
DA:390,0
DA:403,0
DA:404,0
DA:405,0
DA:407,0
DA:408,0
DA:409,0
DA:410,0
DA:412,0
DA:424,0
DA:425,0
DA:426,0
DA:427,0
DA:428,0
DA:429,0
DA:430,0
DA:431,0
DA:432,0
DA:433,0
DA:435,0
DA:436,0
DA:437,0
DA:442,0
DA:443,0
DA:444,0
DA:447,0
DA:448,0
DA:449,0
DA:450,0
DA:451,0
DA:455,0
DA:456,0
DA:460,0
DA:461,0
DA:465,0
DA:466,0
DA:470,0
DA:471,0
DA:472,0
DA:473,0
DA:477,0
DA:478,0
DA:479,0
DA:480,0
DA:481,0
DA:484,0
DA:490,0
DA:491,0
DA:492,0
DA:493,0
DA:495,0
DA:496,0
DA:497,0
DA:501,0
DA:503,0
DA:504,0
DA:505,0
DA:507,0
DA:512,0
DA:513,0
DA:514,0
DA:515,0
DA:521,0
DA:522,0
DA:523,0
DA:524,0
DA:527,0
DA:533,0
DA:536,0
DA:537,0
DA:538,0
DA:541,0
DA:542,0
DA:544,0
DA:545,0
DA:549,0
DA:551,0
DA:553,0
DA:555,0
DA:557,0
DA:558,0
DA:562,0
DA:563,0
DA:564,0
DA:567,0
DA:568,0
DA:574,0
DA:576,0
DA:577,0
DA:589,0
DA:591,0
DA:593,0
DA:595,0
DA:596,0
DA:598,0
DA:600,0
DA:614,0
DA:615,0
DA:616,0
DA:617,0
DA:618,0
DA:620,0
DA:623,0
DA:626,0
DA:627,0
DA:630,0
DA:631,0
DA:634,0
DA:635,0
DA:636,0
DA:638,0
DA:639,0
DA:641,0
DA:642,0
DA:643,0
DA:645,0
DA:647,0
DA:648,0
DA:649,0
DA:652,0
DA:662,0
DA:663,0
DA:666,0
DA:667,0
DA:671,0
DA:673,0
DA:679,0
DA:680,0
DA:681,0
DA:682,0
DA:693,0
DA:695,0
DA:697,0
DA:698,0
DA:699,0
DA:702,0
DA:703,0
DA:704,0
DA:705,0
DA:706,0
DA:708,0
DA:710,0
DA:711,0
DA:712,0
DA:715,0
DA:718,0
DA:728,0
DA:730,0
DA:731,0
DA:733,0
DA:737,0
LF:282
LH:0
BRDA:85,1,0,0
BRDA:85,1,1,0
BRDA:86,2,0,0
BRDA:86,2,1,0
BRDA:109,3,0,0
BRDA:109,3,1,0
BRDA:115,4,0,0
BRDA:115,4,1,0
BRDA:115,5,0,0
BRDA:115,5,1,0
BRDA:121,6,0,0
BRDA:121,6,1,0
BRDA:141,7,0,0
BRDA:141,7,1,0
BRDA:142,8,0,0
BRDA:142,8,1,0
BRDA:146,9,0,0
BRDA:146,9,1,0
BRDA:147,10,0,0
BRDA:147,10,1,0
BRDA:151,11,0,0
BRDA:151,11,1,0
BRDA:152,12,0,0
BRDA:152,12,1,0
BRDA:157,13,0,0
BRDA:157,13,1,0
BRDA:158,14,0,0
BRDA:158,14,1,0
BRDA:162,15,0,0
BRDA:162,15,1,0
BRDA:163,16,0,0
BRDA:163,16,1,0
BRDA:168,17,0,0
BRDA:168,17,1,0
BRDA:173,18,0,0
BRDA:173,18,1,0
BRDA:174,19,0,0
BRDA:174,19,1,0
BRDA:178,20,0,0
BRDA:178,20,1,0
BRDA:187,21,0,0
BRDA:187,21,1,0
BRDA:195,22,0,0
BRDA:195,22,1,0
BRDA:214,23,0,0
BRDA:214,23,1,0
BRDA:225,24,0,0
BRDA:225,24,1,0
BRDA:233,25,0,0
BRDA:233,25,1,0
BRDA:235,26,0,0
BRDA:235,26,1,0
BRDA:247,27,0,0
BRDA:247,27,1,0
BRDA:256,28,0,0
BRDA:256,28,1,0
BRDA:271,29,0,0
BRDA:271,29,1,0
BRDA:272,30,0,0
BRDA:272,30,1,0
BRDA:273,31,0,0
BRDA:273,31,1,0
BRDA:297,32,0,0
BRDA:297,32,1,0
BRDA:297,33,0,0
BRDA:297,33,1,0
BRDA:299,34,0,0
BRDA:299,34,1,0
BRDA:300,35,0,0
BRDA:300,35,1,0
BRDA:302,36,0,0
BRDA:302,36,1,0
BRDA:305,37,0,0
BRDA:305,37,1,0
BRDA:311,38,0,0
BRDA:311,38,1,0
BRDA:313,39,0,0
BRDA:313,39,1,0
BRDA:319,40,0,0
BRDA:319,40,1,0
BRDA:325,41,0,0
BRDA:325,41,1,0
BRDA:331,42,0,0
BRDA:331,42,1,0
BRDA:361,43,0,0
BRDA:361,43,1,0
BRDA:371,44,0,0
BRDA:371,44,1,0
BRDA:378,45,0,0
BRDA:378,45,1,0
BRDA:385,46,0,0
BRDA:385,46,1,0
BRDA:387,47,0,0
BRDA:387,47,1,0
BRDA:403,48,0,0
BRDA:403,48,1,0
BRDA:404,49,0,0
BRDA:404,49,1,0
BRDA:404,50,0,0
BRDA:404,50,1,0
BRDA:408,51,0,0
BRDA:408,51,1,0
BRDA:426,52,0,0
BRDA:426,52,1,0
BRDA:428,53,0,0
BRDA:428,53,1,0
BRDA:430,54,0,0
BRDA:430,54,1,0
BRDA:436,55,0,0
BRDA:436,55,1,0
BRDA:455,56,0,0
BRDA:455,56,1,0
BRDA:465,57,0,0
BRDA:465,57,1,0
BRDA:472,58,0,0
BRDA:472,58,1,0
BRDA:479,59,0,0
BRDA:479,59,1,0
BRDA:481,60,0,0
BRDA:481,60,1,0
BRDA:490,61,0,0
BRDA:490,61,1,0
BRDA:501,62,0,0
BRDA:501,62,1,0
BRDA:507,63,0,0
BRDA:507,63,1,0
BRDA:513,64,0,0
BRDA:513,64,1,0
BRDA:514,65,0,0
BRDA:514,65,1,0
BRDA:517,66,0,0
BRDA:517,66,1,0
BRDA:522,67,0,0
BRDA:522,67,1,0
BRDA:523,68,0,0
BRDA:523,68,1,0
BRDA:536,69,0,0
BRDA:536,69,1,0
BRDA:538,70,0,0
BRDA:538,70,1,0
BRDA:549,71,0,0
BRDA:549,71,1,0
BRDA:555,72,0,0
BRDA:555,72,1,0
BRDA:557,73,0,0
BRDA:557,73,1,0
BRDA:564,74,0,0
BRDA:564,74,1,0
BRDA:567,75,0,0
BRDA:567,75,1,0
BRDA:573,76,0,0
BRDA:573,76,1,0
BRDA:574,77,0,0
BRDA:574,77,1,0
BRDA:587,78,0,0
BRDA:587,78,1,0
BRDA:595,79,0,0
BRDA:595,79,1,0
BRDA:612,80,0,0
BRDA:612,80,1,0
BRDA:617,81,0,0
BRDA:617,81,1,0
BRDA:626,82,0,0
BRDA:626,82,1,0
BRDA:626,83,0,0
BRDA:626,83,1,0
BRDA:643,84,0,0
BRDA:643,84,1,0
BRDA:647,85,0,0
BRDA:647,85,1,0
BRDA:671,86,0,0
BRDA:671,86,1,0
BRDA:679,87,0,0
BRDA:679,87,1,0
BRDA:699,88,0,0
BRDA:699,88,1,0
BRDA:706,89,0,0
BRDA:706,89,1,0
BRDA:710,90,0,0
BRDA:710,90,1,0
BRDA:711,91,0,0
BRDA:711,91,1,0
BRDA:728,92,0,0
BRDA:728,92,1,0
BRDA:728,93,0,0
BRDA:728,93,1,0
BRDA:731,94,0,0
BRDA:731,94,1,0
BRF:188
BRH:0
end_of_record
TN:
SF:D:\Projects\Sagitta\SAGProtocol\contracts\Vault.sol
FN:110,onlyEscrowOrTreasury
FN:115,constructor
FN:121,setRequireCollateralizeSuccess
FN:128,setLockDuration
FN:143,setAsset
FN:162,setReceiptNFT
FN:169,setEscrow
FN:176,setMDot
FN:183,setTreasury
FN:192,deposit
FN:268,redeem
FN:296,finalizePayout
FN:337,autoReturn
FN:369,adminForceReturn
FN:397,processExpiredReceipts
FN:408,issueCredit
FN:423,claimCredit
FN:450,pause
FN:455,unpause
FN:462,sweep
FN:472,_usd6
FN:492,principalOf
FN:509,userDepositsOf
FN:516,depositInfo
FN:524,totals
FN:532,pendingCreditsUsd6
FN:551,getUserCredits
FN:558,depositedUsd
FN:573,receiptCount
FN:580,creditCount
FN:588,receipts
FN:598,balanceOf
FN:605,balanceOf
FN:615,getReceipt
FN:639,getUserReceipts
FN:644,getUserTotals
FN:676,owner
FNF:37
FNH:0
FNDA:0,onlyEscrowOrTreasury
FNDA:0,constructor
FNDA:0,setRequireCollateralizeSuccess
FNDA:0,setLockDuration
FNDA:0,setAsset
FNDA:0,setReceiptNFT
FNDA:0,setEscrow
FNDA:0,setMDot
FNDA:0,setTreasury
FNDA:0,deposit
FNDA:0,redeem
FNDA:0,finalizePayout
FNDA:0,autoReturn
FNDA:0,adminForceReturn
FNDA:0,processExpiredReceipts
FNDA:0,issueCredit
FNDA:0,claimCredit
FNDA:0,pause
FNDA:0,unpause
FNDA:0,sweep
FNDA:0,_usd6
FNDA:0,principalOf
FNDA:0,userDepositsOf
FNDA:0,depositInfo
FNDA:0,totals
FNDA:0,pendingCreditsUsd6
FNDA:0,getUserCredits
FNDA:0,depositedUsd
FNDA:0,receiptCount
FNDA:0,creditCount
FNDA:0,receipts
FNDA:0,balanceOf
FNDA:0,balanceOf
FNDA:0,getReceipt
FNDA:0,getUserReceipts
FNDA:0,getUserTotals
FNDA:0,owner
DA:111,0
DA:112,0
DA:122,0
DA:123,0
DA:129,0
DA:130,0
DA:144,0
DA:147,0
DA:148,0
DA:149,0
DA:152,0
DA:158,0
DA:163,0
DA:164,0
DA:165,0
DA:170,0
DA:171,0
DA:172,0
DA:177,0
DA:178,0
DA:179,0
DA:184,0
DA:185,0
DA:186,0
DA:193,0
DA:195,0
DA:196,0
DA:200,0
DA:203,0
DA:207,0
DA:208,0
DA:209,0
DA:212,0
DA:213,0
DA:215,0
DA:216,0
DA:228,0
DA:229,0
DA:230,0
DA:231,0
DA:234,0
DA:235,0
DA:239,0
DA:240,0
DA:243,0
DA:244,0
DA:248,0
DA:249,0
DA:250,0
DA:252,0
DA:253,0
DA:256,0
DA:257,0
DA:259,0
DA:261,0
DA:269,0
DA:270,0
DA:272,0
DA:273,0
DA:274,0
DA:277,0
DA:280,0
DA:281,0
DA:282,0
DA:285,0
DA:288,0
DA:289,0
DA:291,0
DA:292,0
DA:297,0
DA:298,0
DA:300,0
DA:301,0
DA:304,0
DA:305,0
DA:308,0
DA:309,0
DA:310,0
DA:311,0
DA:313,0
DA:316,0
DA:317,0
DA:320,0
DA:321,0
DA:324,0
DA:327,0
DA:328,0
DA:329,0
DA:331,0
DA:332,0
DA:338,0
DA:339,0
DA:340,0
DA:342,0
DA:344,0
DA:346,0
DA:347,0
DA:349,0
DA:351,0
DA:353,0
DA:356,0
DA:358,0
DA:359,0
DA:362,0
DA:364,0
DA:370,0
DA:371,0
DA:372,0
DA:374,0
DA:376,0
DA:377,0
DA:379,0
DA:383,0
DA:385,0
DA:387,0
DA:390,0
DA:392,0
DA:398,0
DA:400,0
DA:409,0
DA:410,0
DA:412,0
DA:418,0
DA:424,0
DA:425,0
DA:427,0
DA:428,0
DA:429,0
DA:431,0
DA:432,0
DA:433,0
DA:434,0
DA:435,0
DA:438,0
DA:441,0
DA:442,0
DA:443,0
DA:444,0
DA:446,0
DA:451,0
DA:456,0
DA:463,0
DA:464,0
DA:466,0
DA:467,0
DA:469,0
DA:478,0
DA:479,0
DA:483,0
DA:485,0
DA:493,0
DA:494,0
DA:496,0
DA:497,0
DA:498,0
DA:499,0
DA:503,0
DA:510,0
DA:517,0
DA:525,0
DA:533,0
DA:534,0
DA:536,0
DA:537,0
DA:538,0
DA:539,0
DA:540,0
DA:545,0
DA:552,0
DA:559,0
DA:560,0
DA:561,0
DA:562,0
DA:563,0
DA:564,0
DA:567,0
DA:574,0
DA:581,0
DA:589,0
DA:590,0
DA:591,0
DA:599,0
DA:610,0
DA:611,0
DA:628,0
DA:629,0
DA:630,0
DA:631,0
DA:632,0
DA:633,0
DA:634,0
DA:635,0
DA:640,0
DA:654,0
DA:655,0
DA:656,0
DA:658,0
DA:659,0
DA:660,0
DA:661,0
DA:662,0
DA:663,0
DA:664,0
DA:665,0
DA:668,0
DA:672,0
DA:677,0
LF:207
LH:0
BRDA:111,1,0,0
BRDA:111,1,1,0
BRDA:111,2,0,0
BRDA:111,2,1,0
BRDA:121,3,0,0
BRDA:121,3,1,0
BRDA:128,4,0,0
BRDA:128,4,1,0
BRDA:143,5,0,0
BRDA:143,5,1,0
BRDA:144,6,0,0
BRDA:144,6,1,0
BRDA:147,7,0,0
BRDA:147,7,1,0
BRDA:148,8,0,0
BRDA:148,8,1,0
BRDA:149,9,0,0
BRDA:149,9,1,0
BRDA:162,10,0,0
BRDA:162,10,1,0
BRDA:163,11,0,0
BRDA:163,11,1,0
BRDA:169,12,0,0
BRDA:169,12,1,0
BRDA:170,13,0,0
BRDA:170,13,1,0
BRDA:176,14,0,0
BRDA:176,14,1,0
BRDA:177,15,0,0
BRDA:177,15,1,0
BRDA:183,16,0,0
BRDA:183,16,1,0
BRDA:184,17,0,0
BRDA:184,17,1,0
BRDA:192,18,0,0
BRDA:192,18,1,0
BRDA:192,19,0,0
BRDA:192,19,1,0
BRDA:193,20,0,0
BRDA:193,20,1,0
BRDA:196,21,0,0
BRDA:196,21,1,0
BRDA:208,22,0,0
BRDA:208,22,1,0
BRDA:234,23,0,0
BRDA:234,23,1,0
BRDA:239,24,0,0
BRDA:239,24,1,0
BRDA:248,25,0,0
BRDA:248,25,1,0
BRDA:250,26,0,0
BRDA:250,26,1,0
BRDA:268,27,0,0
BRDA:268,27,1,0
BRDA:268,28,0,0
BRDA:268,28,1,0
BRDA:269,29,0,0
BRDA:269,29,1,0
BRDA:270,30,0,0
BRDA:270,30,1,0
BRDA:273,31,0,0
BRDA:273,31,1,0
BRDA:274,32,0,0
BRDA:274,32,1,0
BRDA:296,33,0,0
BRDA:296,33,1,0
BRDA:296,34,0,0
BRDA:296,34,1,0
BRDA:297,35,0,0
BRDA:297,35,1,0
BRDA:298,36,0,0
BRDA:298,36,1,0
BRDA:301,37,0,0
BRDA:301,37,1,0
BRDA:305,38,0,0
BRDA:305,38,1,0
BRDA:309,39,0,0
BRDA:309,39,1,0
BRDA:311,40,0,0
BRDA:311,40,1,0
BRDA:317,41,0,0
BRDA:317,41,1,0
BRDA:337,42,0,0
BRDA:337,42,1,0
BRDA:337,43,0,0
BRDA:337,43,1,0
BRDA:338,44,0,0
BRDA:338,44,1,0
BRDA:340,45,0,0
BRDA:340,45,1,0
BRDA:342,46,0,0
BRDA:342,46,1,0
BRDA:351,47,0,0
BRDA:351,47,1,0
BRDA:369,48,0,0
BRDA:369,48,1,0
BRDA:369,49,0,0
BRDA:369,49,1,0
BRDA:370,50,0,0
BRDA:370,50,1,0
BRDA:372,51,0,0
BRDA:372,51,1,0
BRDA:397,52,0,0
BRDA:397,52,1,0
BRDA:397,53,0,0
BRDA:397,53,1,0
BRDA:408,54,0,0
BRDA:408,54,1,0
BRDA:409,55,0,0
BRDA:409,55,1,0
BRDA:410,56,0,0
BRDA:410,56,1,0
BRDA:423,57,0,0
BRDA:423,57,1,0
BRDA:423,58,0,0
BRDA:423,58,1,0
BRDA:425,59,0,0
BRDA:425,59,1,0
BRDA:428,60,0,0
BRDA:428,60,1,0
BRDA:429,61,0,0
BRDA:429,61,1,0
BRDA:431,62,0,0
BRDA:431,62,1,0
BRDA:433,63,0,0
BRDA:433,63,1,0
BRDA:435,64,0,0
BRDA:435,64,1,0
BRDA:443,65,0,0
BRDA:443,65,1,0
BRDA:450,66,0,0
BRDA:450,66,1,0
BRDA:455,67,0,0
BRDA:455,67,1,0
BRDA:462,68,0,0
BRDA:462,68,1,0
BRDA:463,69,0,0
BRDA:463,69,1,0
BRDA:464,70,0,0
BRDA:464,70,1,0
BRDA:467,71,0,0
BRDA:467,71,1,0
BRDA:479,72,0,0
BRDA:479,72,1,0
BRDA:498,73,0,0
BRDA:498,73,1,0
BRDA:537,74,0,0
BRDA:537,74,1,0
BRDA:539,75,0,0
BRDA:539,75,1,0
BRDA:563,76,0,0
BRDA:563,76,1,0
BRDA:589,77,0,0
BRDA:589,77,1,0
BRDA:660,78,0,0
BRDA:660,78,1,0
BRDA:661,79,0,0
BRDA:661,79,1,0
BRDA:664,80,0,0
BRDA:664,80,1,0
BRDA:664,81,0,0
BRDA:664,81,1,0
BRF:162
BRH:0
end_of_record
